{"meta": {"format": 3, "version": "7.13.3", "timestamp": "2026-03-15T19:18:51.281521", "branch_coverage": false, "show_contexts": false}, "files": {"src/oiduna/__init__.py": {"executed_lines": [11, 14, 32, 39, 45, 51, 56, 62, 68, 69, 71], "summary": {"covered_lines": 11, "num_statements": 11, "percent_covered": 100.0, "percent_covered_display": "100", "missing_lines": 0, "excluded_lines": 0, "percent_statements_covered": 100.0, "percent_statements_covered_display": "100"}, "missing_lines": [], "excluded_lines": [], "functions": {"": {"executed_lines": [11, 14, 32, 39, 45, 51, 56, 62, 68, 69, 71], "summary": {"covered_lines": 11, "num_statements": 11, "percent_covered": 100.0, "percent_covered_display": "100", "missing_lines": 0, "excluded_lines": 0, "percent_statements_covered": 100.0, "percent_statements_covered_display": "100"}, "missing_lines": [], "excluded_lines": [], "start_line": 1}}, "classes": {"": {"executed_lines": [11, 14, 32, 39, 45, 51, 56, 62, 68, 69, 71], "summary": {"covered_lines": 11, "num_statements": 11, "percent_covered": 100.0, "percent_covered_display": "100", "missing_lines": 0, "excluded_lines": 0, "percent_statements_covered": 100.0, "percent_statements_covered_display": "100"}, "missing_lines": [], "excluded_lines": [], "start_line": 1}}}, "src/oiduna/application/__init__.py": {"executed_lines": [9], "summary": {"covered_lines": 1, "num_statements": 1, "percent_covered": 100.0, "percent_covered_display": "100", "missing_lines": 0, "excluded_lines": 0, "percent_statements_covered": 100.0, "percent_statements_covered_display": "100"}, "missing_lines": [], "excluded_lines": [], "functions": {"": {"executed_lines": [9], "summary": {"covered_lines": 1, "num_statements": 1, "percent_covered": 100.0, "percent_covered_display": "100", "missing_lines": 0, "excluded_lines": 0, "percent_statements_covered": 100.0, "percent_statements_covered_display": "100"}, "missing_lines": [], "excluded_lines": [], "start_line": 1}}, "classes": {"": {"executed_lines": [9], "summary": {"covered_lines": 1, "num_statements": 1, "percent_covered": 100.0, "percent_covered_display": "100", "missing_lines": 0, "excluded_lines": 0, "percent_statements_covered": 100.0, "percent_statements_covered_display": "100"}, "missing_lines": [], "excluded_lines": [], "start_line": 1}}}, "src/oiduna/application/api/__init__.py": {"executed_lines": [3], "summary": {"covered_lines": 1, "num_statements": 1, "percent_covered": 100.0, "percent_covered_display": "100", "missing_lines": 0, "excluded_lines": 0, "percent_statements_covered": 100.0, "percent_statements_covered_display": "100"}, "missing_lines": [], "excluded_lines": [], "functions": {"": {"executed_lines": [3], "summary": {"covered_lines": 1, "num_statements": 1, "percent_covered": 100.0, "percent_covered_display": "100", "missing_lines": 0, "excluded_lines": 0, "percent_statements_covered": 100.0, "percent_statements_covered_display": "100"}, "missing_lines": [], "excluded_lines": [], "start_line": 1}}, "classes": {"": {"executed_lines": [3], "summary": {"covered_lines": 1, "num_statements": 1, "percent_covered": 100.0, "percent_covered_display": "100", "missing_lines": 0, "excluded_lines": 0, "percent_statements_covered": 100.0, "percent_statements_covered_display": "100"}, "missing_lines": [], "excluded_lines": [], "start_line": 1}}}, "src/oiduna/application/api/config.py": {"executed_lines": [6, 7, 10, 13, 20, 21, 22, 25, 28, 29, 32, 35, 38, 40, 41, 45, 46, 51, 52, 55, 58, 62], "summary": {"covered_lines": 22, "num_statements": 24, "percent_covered": 91.66666666666667, "percent_covered_display": "92", "missing_lines": 2, "excluded_lines": 0, "percent_statements_covered": 91.66666666666667, "percent_statements_covered_display": "92"}, "missing_lines": [43, 48], "excluded_lines": [], "functions": {"Settings.samples_dir": {"executed_lines": [], "summary": {"covered_lines": 0, "num_statements": 1, "percent_covered": 0.0, "percent_covered_display": "0", "missing_lines": 1, "excluded_lines": 0, "percent_statements_covered": 0.0, "percent_statements_covered_display": "0"}, "missing_lines": [43], "excluded_lines": [], "start_line": 41}, "Settings.synthdefs_dir": {"executed_lines": [], "summary": {"covered_lines": 0, "num_statements": 1, "percent_covered": 0.0, "percent_covered_display": "0", "missing_lines": 1, "excluded_lines": 0, "percent_statements_covered": 0.0, "percent_statements_covered_display": "0"}, "missing_lines": [48], "excluded_lines": [], "start_line": 46}, "": {"executed_lines": [6, 7, 10, 13, 20, 21, 22, 25, 28, 29, 32, 35, 38, 40, 41, 45, 46, 51, 52, 55, 58, 62], "summary": {"covered_lines": 22, "num_statements": 22, "percent_covered": 100.0, "percent_covered_display": "100", "missing_lines": 0, "excluded_lines": 0, "percent_statements_covered": 100.0, "percent_statements_covered_display": "100"}, "missing_lines": [], "excluded_lines": [], "start_line": 1}}, "classes": {"Settings": {"executed_lines": [], "summary": {"covered_lines": 0, "num_statements": 2, "percent_covered": 0.0, "percent_covered_display": "0", "missing_lines": 2, "excluded_lines": 0, "percent_statements_covered": 0.0, "percent_statements_covered_display": "0"}, "missing_lines": [43, 48], "excluded_lines": [], "start_line": 10}, "": {"executed_lines": [6, 7, 10, 13, 20, 21, 22, 25, 28, 29, 32, 35, 38, 40, 41, 45, 46, 51, 52, 55, 58, 62], "summary": {"covered_lines": 22, "num_statements": 22, "percent_covered": 100.0, "percent_covered_display": "100", "missing_lines": 0, "excluded_lines": 0, "percent_statements_covered": 100.0, "percent_statements_covered_display": "100"}, "missing_lines": [], "excluded_lines": [], "start_line": 1}}}, "src/oiduna/application/api/dependencies.py": {"executed_lines": [3, 5, 6, 7, 11, 14, 42], "summary": {"covered_lines": 7, "num_statements": 17, "percent_covered": 41.1764705882353, "percent_covered_display": "41", "missing_lines": 10, "excluded_lines": 1, "percent_statements_covered": 41.1764705882353, "percent_statements_covered_display": "41"}, "missing_lines": [28, 30, 31, 32, 33, 34, 36, 38, 39, 54], "excluded_lines": [43], "functions": {"get_container": {"executed_lines": [], "summary": {"covered_lines": 0, "num_statements": 9, "percent_covered": 0.0, "percent_covered_display": "0", "missing_lines": 9, "excluded_lines": 0, "percent_statements_covered": 0.0, "percent_statements_covered_display": "0"}, "missing_lines": [28, 30, 31, 32, 33, 34, 36, 38, 39], "excluded_lines": [], "start_line": 14}, "get_pipeline": {"executed_lines": [], "summary": {"covered_lines": 0, "num_statements": 1, "percent_covered": 0.0, "percent_covered_display": "0", "missing_lines": 1, "excluded_lines": 1, "percent_statements_covered": 0.0, "percent_statements_covered_display": "0"}, "missing_lines": [54], "excluded_lines": [43], "start_line": 42}, "": {"executed_lines": [3, 5, 6, 7, 11, 14, 42], "summary": {"covered_lines": 7, "num_statements": 7, "percent_covered": 100.0, "percent_covered_display": "100", "missing_lines": 0, "excluded_lines": 0, "percent_statements_covered": 100.0, "percent_statements_covered_display": "100"}, "missing_lines": [], "excluded_lines": [], "start_line": 1}}, "classes": {"": {"executed_lines": [3, 5, 6, 7, 11, 14, 42], "summary": {"covered_lines": 7, "num_statements": 17, "percent_covered": 41.1764705882353, "percent_covered_display": "41", "missing_lines": 10, "excluded_lines": 1, "percent_statements_covered": 41.1764705882353, "percent_statements_covered_display": "41"}, "missing_lines": [28, 30, 31, 32, 33, 34, 36, 38, 39, 54], "excluded_lines": [43], "start_line": 1}}}, "src/oiduna/application/api/extensions/__init__.py": {"executed_lines": [6, 7, 9], "summary": {"covered_lines": 3, "num_statements": 3, "percent_covered": 100.0, "percent_covered_display": "100", "missing_lines": 0, "excluded_lines": 0, "percent_statements_covered": 100.0, "percent_statements_covered_display": "100"}, "missing_lines": [], "excluded_lines": [], "functions": {"": {"executed_lines": [6, 7, 9], "summary": {"covered_lines": 3, "num_statements": 3, "percent_covered": 100.0, "percent_covered_display": "100", "missing_lines": 0, "excluded_lines": 0, "percent_statements_covered": 100.0, "percent_statements_covered_display": "100"}, "missing_lines": [], "excluded_lines": [], "start_line": 1}}, "classes": {"": {"executed_lines": [6, 7, 9], "summary": {"covered_lines": 3, "num_statements": 3, "percent_covered": 100.0, "percent_covered_display": "100", "missing_lines": 0, "excluded_lines": 0, "percent_statements_covered": 100.0, "percent_statements_covered_display": "100"}, "missing_lines": [], "excluded_lines": [], "start_line": 1}}}, "src/oiduna/application/api/extensions/base.py": {"executed_lines": [7, 8, 9, 12, 31, 40, 41, 63, 100, 109, 118], "summary": {"covered_lines": 11, "num_statements": 16, "percent_covered": 68.75, "percent_covered_display": "69", "missing_lines": 5, "excluded_lines": 5, "percent_statements_covered": 68.75, "percent_statements_covered_display": "69"}, "missing_lines": [38, 98, 107, 116, 137], "excluded_lines": [13, 61, 62, 69, 119], "functions": {"BaseExtension.__init__": {"executed_lines": [], "summary": {"covered_lines": 0, "num_statements": 1, "percent_covered": 0.0, "percent_covered_display": "0", "missing_lines": 1, "excluded_lines": 0, "percent_statements_covered": 0.0, "percent_statements_covered_display": "0"}, "missing_lines": [38], "excluded_lines": [], "start_line": 31}, "BaseExtension.transform": {"executed_lines": [], "summary": {"covered_lines": 0, "num_statements": 0, "percent_covered": 100.0, "percent_covered_display": "100", "missing_lines": 0, "excluded_lines": 1, "percent_statements_covered": 100.0, "percent_statements_covered_display": "100"}, "missing_lines": [], "excluded_lines": [61], "start_line": 41}, "BaseExtension.before_send_messages": {"executed_lines": [], "summary": {"covered_lines": 0, "num_statements": 1, "percent_covered": 0.0, "percent_covered_display": "0", "missing_lines": 1, "excluded_lines": 1, "percent_statements_covered": 0.0, "percent_statements_covered_display": "0"}, "missing_lines": [98], "excluded_lines": [69], "start_line": 63}, "BaseExtension.startup": {"executed_lines": [], "summary": {"covered_lines": 0, "num_statements": 1, "percent_covered": 0.0, "percent_covered_display": "0", "missing_lines": 1, "excluded_lines": 0, "percent_statements_covered": 0.0, "percent_statements_covered_display": "0"}, "missing_lines": [107], "excluded_lines": [], "start_line": 100}, "BaseExtension.shutdown": {"executed_lines": [], "summary": {"covered_lines": 0, "num_statements": 1, "percent_covered": 0.0, "percent_covered_display": "0", "missing_lines": 1, "excluded_lines": 0, "percent_statements_covered": 0.0, "percent_statements_covered_display": "0"}, "missing_lines": [116], "excluded_lines": [], "start_line": 109}, "BaseExtension.get_router": {"executed_lines": [], "summary": {"covered_lines": 0, "num_statements": 1, "percent_covered": 0.0, "percent_covered_display": "0", "missing_lines": 1, "excluded_lines": 1, "percent_statements_covered": 0.0, "percent_statements_covered_display": "0"}, "missing_lines": [137], "excluded_lines": [119], "start_line": 118}, "": {"executed_lines": [7, 8, 9, 12, 31, 40, 41, 63, 100, 109, 118], "summary": {"covered_lines": 11, "num_statements": 11, "percent_covered": 100.0, "percent_covered_display": "100", "missing_lines": 0, "excluded_lines": 2, "percent_statements_covered": 100.0, "percent_statements_covered_display": "100"}, "missing_lines": [], "excluded_lines": [13, 62], "start_line": 1}}, "classes": {"BaseExtension": {"executed_lines": [], "summary": {"covered_lines": 0, "num_statements": 5, "percent_covered": 0.0, "percent_covered_display": "0", "missing_lines": 5, "excluded_lines": 3, "percent_statements_covered": 0.0, "percent_statements_covered_display": "0"}, "missing_lines": [38, 98, 107, 116, 137], "excluded_lines": [61, 69, 119], "start_line": 12}, "": {"executed_lines": [7, 8, 9, 12, 31, 40, 41, 63, 100, 109, 118], "summary": {"covered_lines": 11, "num_statements": 11, "percent_covered": 100.0, "percent_covered_display": "100", "missing_lines": 0, "excluded_lines": 2, "percent_statements_covered": 100.0, "percent_statements_covered_display": "100"}, "missing_lines": [], "excluded_lines": [13, 62], "start_line": 1}}}, "src/oiduna/application/api/extensions/pipeline.py": {"executed_lines": [3, 4, 5, 7, 9, 11, 14, 31, 34, 45, 46, 50, 72, 91, 101, 111, 114, 119], "summary": {"covered_lines": 18, "num_statements": 67, "percent_covered": 26.865671641791046, "percent_covered_display": "27", "missing_lines": 49, "excluded_lines": 0, "percent_statements_covered": 26.865671641791046, "percent_statements_covered_display": "27"}, "missing_lines": [32, 42, 43, 48, 63, 64, 65, 66, 67, 68, 70, 82, 83, 85, 86, 87, 89, 93, 94, 95, 96, 97, 98, 99, 103, 104, 105, 106, 107, 108, 115, 116, 133, 135, 137, 138, 139, 141, 142, 144, 147, 148, 151, 156, 157, 159, 160, 161, 163], "excluded_lines": [], "functions": {"ExtensionPipeline.__init__": {"executed_lines": [], "summary": {"covered_lines": 0, "num_statements": 1, "percent_covered": 0.0, "percent_covered_display": "0", "missing_lines": 1, "excluded_lines": 0, "percent_statements_covered": 0.0, "percent_statements_covered_display": "0"}, "missing_lines": [32], "excluded_lines": [], "start_line": 31}, "ExtensionPipeline.register": {"executed_lines": [], "summary": {"covered_lines": 0, "num_statements": 2, "percent_covered": 0.0, "percent_covered_display": "0", "missing_lines": 2, "excluded_lines": 0, "percent_statements_covered": 0.0, "percent_statements_covered_display": "0"}, "missing_lines": [42, 43], "excluded_lines": [], "start_line": 34}, "ExtensionPipeline.extensions": {"executed_lines": [], "summary": {"covered_lines": 0, "num_statements": 1, "percent_covered": 0.0, "percent_covered_display": "0", "missing_lines": 1, "excluded_lines": 0, "percent_statements_covered": 0.0, "percent_statements_covered_display": "0"}, "missing_lines": [48], "excluded_lines": [], "start_line": 46}, "ExtensionPipeline.apply": {"executed_lines": [], "summary": {"covered_lines": 0, "num_statements": 7, "percent_covered": 0.0, "percent_covered_display": "0", "missing_lines": 7, "excluded_lines": 0, "percent_statements_covered": 0.0, "percent_statements_covered_display": "0"}, "missing_lines": [63, 64, 65, 66, 67, 68, 70], "excluded_lines": [], "start_line": 50}, "ExtensionPipeline.get_send_hooks": {"executed_lines": [], "summary": {"covered_lines": 0, "num_statements": 6, "percent_covered": 0.0, "percent_covered_display": "0", "missing_lines": 6, "excluded_lines": 0, "percent_statements_covered": 0.0, "percent_statements_covered_display": "0"}, "missing_lines": [82, 83, 85, 86, 87, 89], "excluded_lines": [], "start_line": 72}, "ExtensionPipeline.startup_all": {"executed_lines": [], "summary": {"covered_lines": 0, "num_statements": 7, "percent_covered": 0.0, "percent_covered_display": "0", "missing_lines": 7, "excluded_lines": 0, "percent_statements_covered": 0.0, "percent_statements_covered_display": "0"}, "missing_lines": [93, 94, 95, 96, 97, 98, 99], "excluded_lines": [], "start_line": 91}, "ExtensionPipeline.shutdown_all": {"executed_lines": [], "summary": {"covered_lines": 0, "num_statements": 6, "percent_covered": 0.0, "percent_covered_display": "0", "missing_lines": 6, "excluded_lines": 0, "percent_statements_covered": 0.0, "percent_statements_covered_display": "0"}, "missing_lines": [103, 104, 105, 106, 107, 108], "excluded_lines": [], "start_line": 101}, "ExtensionError.__init__": {"executed_lines": [], "summary": {"covered_lines": 0, "num_statements": 2, "percent_covered": 0.0, "percent_covered_display": "0", "missing_lines": 2, "excluded_lines": 0, "percent_statements_covered": 0.0, "percent_statements_covered_display": "0"}, "missing_lines": [115, 116], "excluded_lines": [], "start_line": 114}, "discover_extensions": {"executed_lines": [], "summary": {"covered_lines": 0, "num_statements": 17, "percent_covered": 0.0, "percent_covered_display": "0", "missing_lines": 17, "excluded_lines": 0, "percent_statements_covered": 0.0, "percent_statements_covered_display": "0"}, "missing_lines": [133, 135, 137, 138, 139, 141, 142, 144, 147, 148, 151, 156, 157, 159, 160, 161, 163], "excluded_lines": [], "start_line": 119}, "": {"executed_lines": [3, 4, 5, 7, 9, 11, 14, 31, 34, 45, 46, 50, 72, 91, 101, 111, 114, 119], "summary": {"covered_lines": 18, "num_statements": 18, "percent_covered": 100.0, "percent_covered_display": "100", "missing_lines": 0, "excluded_lines": 0, "percent_statements_covered": 100.0, "percent_statements_covered_display": "100"}, "missing_lines": [], "excluded_lines": [], "start_line": 1}}, "classes": {"ExtensionPipeline": {"executed_lines": [], "summary": {"covered_lines": 0, "num_statements": 30, "percent_covered": 0.0, "percent_covered_display": "0", "missing_lines": 30, "excluded_lines": 0, "percent_statements_covered": 0.0, "percent_statements_covered_display": "0"}, "missing_lines": [32, 42, 43, 48, 63, 64, 65, 66, 67, 68, 70, 82, 83, 85, 86, 87, 89, 93, 94, 95, 96, 97, 98, 99, 103, 104, 105, 106, 107, 108], "excluded_lines": [], "start_line": 14}, "ExtensionError": {"executed_lines": [], "summary": {"covered_lines": 0, "num_statements": 2, "percent_covered": 0.0, "percent_covered_display": "0", "missing_lines": 2, "excluded_lines": 0, "percent_statements_covered": 0.0, "percent_statements_covered_display": "0"}, "missing_lines": [115, 116], "excluded_lines": [], "start_line": 111}, "": {"executed_lines": [3, 4, 5, 7, 9, 11, 14, 31, 34, 45, 46, 50, 72, 91, 101, 111, 114, 119], "summary": {"covered_lines": 18, "num_statements": 35, "percent_covered": 51.42857142857143, "percent_covered_display": "51", "missing_lines": 17, "excluded_lines": 0, "percent_statements_covered": 51.42857142857143, "percent_statements_covered_display": "51"}, "missing_lines": [133, 135, 137, 138, 139, 141, 142, 144, 147, 148, 151, 156, 157, 159, 160, 161, 163], "excluded_lines": [], "start_line": 1}}}, "src/oiduna/application/api/main.py": {"executed_lines": [6, 7, 8, 10, 11, 12, 13, 15, 16, 17, 18, 19, 20, 22, 25, 26, 92, 100, 109, 110, 113, 116, 117, 118, 119, 120, 123, 124, 125, 126, 127, 130, 131, 180], "summary": {"covered_lines": 34, "num_statements": 73, "percent_covered": 46.57534246575342, "percent_covered_display": "47", "missing_lines": 39, "excluded_lines": 0, "percent_statements_covered": 46.57534246575342, "percent_statements_covered_display": "47"}, "missing_lines": [42, 43, 46, 49, 52, 60, 61, 62, 63, 64, 65, 66, 67, 69, 70, 71, 75, 76, 79, 80, 81, 82, 83, 85, 88, 133, 136, 137, 144, 145, 146, 147, 152, 153, 161, 167, 169, 181, 183], "excluded_lines": [], "functions": {"lifespan_wrapper": {"executed_lines": [], "summary": {"covered_lines": 0, "num_statements": 25, "percent_covered": 0.0, "percent_covered_display": "0", "missing_lines": 25, "excluded_lines": 0, "percent_statements_covered": 0.0, "percent_statements_covered_display": "0"}, "missing_lines": [42, 43, 46, 49, 52, 60, 61, 62, 63, 64, 65, 66, 67, 69, 70, 71, 75, 76, 79, 80, 81, 82, 83, 85, 88], "excluded_lines": [], "start_line": 26}, "health": {"executed_lines": [], "summary": {"covered_lines": 0, "num_statements": 12, "percent_covered": 0.0, "percent_covered_display": "0", "missing_lines": 12, "excluded_lines": 0, "percent_statements_covered": 0.0, "percent_statements_covered_display": "0"}, "missing_lines": [133, 136, 137, 144, 145, 146, 147, 152, 153, 161, 167, 169], "excluded_lines": [], "start_line": 131}, "": {"executed_lines": [6, 7, 8, 10, 11, 12, 13, 15, 16, 17, 18, 19, 20, 22, 25, 26, 92, 100, 109, 110, 113, 116, 117, 118, 119, 120, 123, 124, 125, 126, 127, 130, 131, 180], "summary": {"covered_lines": 34, "num_statements": 36, "percent_covered": 94.44444444444444, "percent_covered_display": "94", "missing_lines": 2, "excluded_lines": 0, "percent_statements_covered": 94.44444444444444, "percent_statements_covered_display": "94"}, "missing_lines": [181, 183], "excluded_lines": [], "start_line": 1}}, "classes": {"": {"executed_lines": [6, 7, 8, 10, 11, 12, 13, 15, 16, 17, 18, 19, 20, 22, 25, 26, 92, 100, 109, 110, 113, 116, 117, 118, 119, 120, 123, 124, 125, 126, 127, 130, 131, 180], "summary": {"covered_lines": 34, "num_statements": 73, "percent_covered": 46.57534246575342, "percent_covered_display": "47", "missing_lines": 39, "excluded_lines": 0, "percent_statements_covered": 46.57534246575342, "percent_statements_covered_display": "47"}, "missing_lines": [42, 43, 46, 49, 52, 60, 61, 62, 63, 64, 65, 66, 67, 69, 70, 71, 75, 76, 79, 80, 81, 82, 83, 85, 88, 133, 136, 137, 144, 145, 146, 147, 152, 153, 161, 167, 169, 181, 183], "excluded_lines": [], "start_line": 1}}}, "src/oiduna/application/api/routes/__init__.py": {"executed_lines": [3, 5], "summary": {"covered_lines": 2, "num_statements": 2, "percent_covered": 100.0, "percent_covered_display": "100", "missing_lines": 0, "excluded_lines": 0, "percent_statements_covered": 100.0, "percent_statements_covered_display": "100"}, "missing_lines": [], "excluded_lines": [], "functions": {"": {"executed_lines": [3, 5], "summary": {"covered_lines": 2, "num_statements": 2, "percent_covered": 100.0, "percent_covered_display": "100", "missing_lines": 0, "excluded_lines": 0, "percent_statements_covered": 100.0, "percent_statements_covered_display": "100"}, "missing_lines": [], "excluded_lines": [], "start_line": 1}}, "classes": {"": {"executed_lines": [3, 5], "summary": {"covered_lines": 2, "num_statements": 2, "percent_covered": 100.0, "percent_covered_display": "100", "missing_lines": 0, "excluded_lines": 0, "percent_statements_covered": 100.0, "percent_statements_covered_display": "100"}, "missing_lines": [], "excluded_lines": [], "start_line": 1}}}, "src/oiduna/application/api/routes/admin.py": {"executed_lines": [7, 8, 9, 11, 12, 13, 14, 17, 21, 23, 26, 28, 29, 32, 34, 35, 39, 44, 61, 66, 96, 101, 135, 140, 178, 183, 205, 210], "summary": {"covered_lines": 28, "num_statements": 55, "percent_covered": 50.90909090909091, "percent_covered_display": "51", "missing_lines": 27, "excluded_lines": 0, "percent_statements_covered": 50.90909090909091, "percent_statements_covered_display": "51"}, "missing_lines": [58, 89, 90, 91, 92, 93, 121, 122, 124, 125, 130, 131, 132, 160, 161, 162, 165, 166, 167, 170, 172, 200, 201, 202, 233, 240, 242], "excluded_lines": [], "functions": {"list_destinations": {"executed_lines": [], "summary": {"covered_lines": 0, "num_statements": 1, "percent_covered": 0.0, "percent_covered_display": "0", "missing_lines": 1, "excluded_lines": 0, "percent_statements_covered": 0.0, "percent_statements_covered_display": "0"}, "missing_lines": [58], "excluded_lines": [], "start_line": 44}, "add_destination": {"executed_lines": [], "summary": {"covered_lines": 0, "num_statements": 5, "percent_covered": 0.0, "percent_covered_display": "0", "missing_lines": 5, "excluded_lines": 0, "percent_statements_covered": 0.0, "percent_statements_covered_display": "0"}, "missing_lines": [89, 90, 91, 92, 93], "excluded_lines": [], "start_line": 66}, "remove_destination": {"executed_lines": [], "summary": {"covered_lines": 0, "num_statements": 7, "percent_covered": 0.0, "percent_covered_display": "0", "missing_lines": 7, "excluded_lines": 0, "percent_statements_covered": 0.0, "percent_statements_covered_display": "0"}, "missing_lines": [121, 122, 124, 125, 130, 131, 132], "excluded_lines": [], "start_line": 101}, "force_delete_client": {"executed_lines": [], "summary": {"covered_lines": 0, "num_statements": 8, "percent_covered": 0.0, "percent_covered_display": "0", "missing_lines": 8, "excluded_lines": 0, "percent_statements_covered": 0.0, "percent_statements_covered_display": "0"}, "missing_lines": [160, 161, 162, 165, 166, 167, 170, 172], "excluded_lines": [], "start_line": 140}, "force_delete_track": {"executed_lines": [], "summary": {"covered_lines": 0, "num_statements": 3, "percent_covered": 0.0, "percent_covered_display": "0", "missing_lines": 3, "excluded_lines": 0, "percent_statements_covered": 0.0, "percent_statements_covered_display": "0"}, "missing_lines": [200, 201, 202], "excluded_lines": [], "start_line": 183}, "reset_session": {"executed_lines": [], "summary": {"covered_lines": 0, "num_statements": 3, "percent_covered": 0.0, "percent_covered_display": "0", "missing_lines": 3, "excluded_lines": 0, "percent_statements_covered": 0.0, "percent_statements_covered_display": "0"}, "missing_lines": [233, 240, 242], "excluded_lines": [], "start_line": 210}, "": {"executed_lines": [7, 8, 9, 11, 12, 13, 14, 17, 21, 23, 26, 28, 29, 32, 34, 35, 39, 44, 61, 66, 96, 101, 135, 140, 178, 183, 205, 210], "summary": {"covered_lines": 28, "num_statements": 28, "percent_covered": 100.0, "percent_covered_display": "100", "missing_lines": 0, "excluded_lines": 0, "percent_statements_covered": 100.0, "percent_statements_covered_display": "100"}, "missing_lines": [], "excluded_lines": [], "start_line": 1}}, "classes": {"DestinationResponse": {"executed_lines": [], "summary": {"covered_lines": 0, "num_statements": 0, "percent_covered": 100.0, "percent_covered_display": "100", "missing_lines": 0, "excluded_lines": 0, "percent_statements_covered": 100.0, "percent_statements_covered_display": "100"}, "missing_lines": [], "excluded_lines": [], "start_line": 21}, "ClientDeleteResponse": {"executed_lines": [], "summary": {"covered_lines": 0, "num_statements": 0, "percent_covered": 100.0, "percent_covered_display": "100", "missing_lines": 0, "excluded_lines": 0, "percent_statements_covered": 100.0, "percent_statements_covered_display": "100"}, "missing_lines": [], "excluded_lines": [], "start_line": 26}, "SessionResetResponse": {"executed_lines": [], "summary": {"covered_lines": 0, "num_statements": 0, "percent_covered": 100.0, "percent_covered_display": "100", "missing_lines": 0, "excluded_lines": 0, "percent_statements_covered": 100.0, "percent_statements_covered_display": "100"}, "missing_lines": [], "excluded_lines": [], "start_line": 32}, "": {"executed_lines": [7, 8, 9, 11, 12, 13, 14, 17, 21, 23, 26, 28, 29, 32, 34, 35, 39, 44, 61, 66, 96, 101, 135, 140, 178, 183, 205, 210], "summary": {"covered_lines": 28, "num_statements": 55, "percent_covered": 50.90909090909091, "percent_covered_display": "51", "missing_lines": 27, "excluded_lines": 0, "percent_statements_covered": 50.90909090909091, "percent_statements_covered_display": "51"}, "missing_lines": [58, 89, 90, 91, 92, 93, 121, 122, 124, 125, 130, 131, 132, 160, 161, 162, 165, 166, 167, 170, 172, 200, 201, 202, 233, 240, 242], "excluded_lines": [], "start_line": 1}}}, "src/oiduna/application/api/routes/assets.py": {"executed_lines": [10, 11, 12, 13, 14, 16, 17, 19, 21, 24, 25, 28, 31, 33, 34, 35, 36, 37, 38, 41, 43, 44, 45, 48, 50, 53, 55, 56, 57, 62, 71, 78, 101, 113, 114, 189, 190, 218, 219, 243, 244, 289, 290, 312, 313, 334, 335], "summary": {"covered_lines": 47, "num_statements": 168, "percent_covered": 27.976190476190474, "percent_covered_display": "28", "missing_lines": 121, "excluded_lines": 0, "percent_statements_covered": 27.976190476190474, "percent_statements_covered_display": "28"}, "missing_lines": [64, 65, 66, 67, 68, 73, 74, 75, 80, 81, 82, 84, 85, 87, 88, 89, 91, 103, 104, 105, 106, 107, 108, 130, 131, 134, 135, 136, 142, 143, 144, 145, 151, 152, 153, 159, 160, 162, 163, 164, 167, 168, 169, 175, 177, 186, 193, 195, 196, 199, 200, 201, 203, 204, 206, 207, 208, 209, 210, 212, 213, 215, 222, 223, 224, 227, 230, 231, 232, 233, 236, 237, 238, 240, 254, 255, 258, 259, 265, 266, 268, 269, 270, 273, 274, 278, 280, 286, 293, 295, 296, 298, 300, 301, 303, 309, 316, 317, 319, 320, 321, 324, 327, 328, 329, 331, 338, 339, 342, 343, 344, 345, 346, 347, 348, 349, 350, 353, 354, 355, 357], "excluded_lines": [], "functions": {"load_metadata": {"executed_lines": [], "summary": {"covered_lines": 0, "num_statements": 5, "percent_covered": 0.0, "percent_covered_display": "0", "missing_lines": 5, "excluded_lines": 0, "percent_statements_covered": 0.0, "percent_statements_covered_display": "0"}, "missing_lines": [64, 65, 66, 67, 68], "excluded_lines": [], "start_line": 62}, "save_metadata": {"executed_lines": [], "summary": {"covered_lines": 0, "num_statements": 3, "percent_covered": 0.0, "percent_covered_display": "0", "missing_lines": 3, "excluded_lines": 0, "percent_statements_covered": 0.0, "percent_statements_covered_display": "0"}, "missing_lines": [73, 74, 75], "excluded_lines": [], "start_line": 71}, "get_sample_info": {"executed_lines": [], "summary": {"covered_lines": 0, "num_statements": 9, "percent_covered": 0.0, "percent_covered_display": "0", "missing_lines": 9, "excluded_lines": 0, "percent_statements_covered": 0.0, "percent_statements_covered_display": "0"}, "missing_lines": [80, 81, 82, 84, 85, 87, 88, 89, 91], "excluded_lines": [], "start_line": 78}, "calculate_total_size": {"executed_lines": [], "summary": {"covered_lines": 0, "num_statements": 6, "percent_covered": 0.0, "percent_covered_display": "0", "missing_lines": 6, "excluded_lines": 0, "percent_statements_covered": 0.0, "percent_statements_covered_display": "0"}, "missing_lines": [103, 104, 105, 106, 107, 108], "excluded_lines": [], "start_line": 101}, "upload_sample": {"executed_lines": [], "summary": {"covered_lines": 0, "num_statements": 23, "percent_covered": 0.0, "percent_covered_display": "0", "missing_lines": 23, "excluded_lines": 0, "percent_statements_covered": 0.0, "percent_statements_covered_display": "0"}, "missing_lines": [130, 131, 134, 135, 136, 142, 143, 144, 145, 151, 152, 153, 159, 160, 162, 163, 164, 167, 168, 169, 175, 177, 186], "excluded_lines": [], "start_line": 114}, "list_samples": {"executed_lines": [], "summary": {"covered_lines": 0, "num_statements": 16, "percent_covered": 0.0, "percent_covered_display": "0", "missing_lines": 16, "excluded_lines": 0, "percent_statements_covered": 0.0, "percent_statements_covered_display": "0"}, "missing_lines": [193, 195, 196, 199, 200, 201, 203, 204, 206, 207, 208, 209, 210, 212, 213, 215], "excluded_lines": [], "start_line": 190}, "delete_sample": {"executed_lines": [], "summary": {"covered_lines": 0, "num_statements": 12, "percent_covered": 0.0, "percent_covered_display": "0", "missing_lines": 12, "excluded_lines": 0, "percent_statements_covered": 0.0, "percent_statements_covered_display": "0"}, "missing_lines": [222, 223, 224, 227, 230, 231, 232, 233, 236, 237, 238, 240], "excluded_lines": [], "start_line": 219}, "upload_synthdef": {"executed_lines": [], "summary": {"covered_lines": 0, "num_statements": 14, "percent_covered": 0.0, "percent_covered_display": "0", "missing_lines": 14, "excluded_lines": 0, "percent_statements_covered": 0.0, "percent_statements_covered_display": "0"}, "missing_lines": [254, 255, 258, 259, 265, 266, 268, 269, 270, 273, 274, 278, 280, 286], "excluded_lines": [], "start_line": 244}, "list_synthdefs": {"executed_lines": [], "summary": {"covered_lines": 0, "num_statements": 8, "percent_covered": 0.0, "percent_covered_display": "0", "missing_lines": 8, "excluded_lines": 0, "percent_statements_covered": 0.0, "percent_statements_covered_display": "0"}, "missing_lines": [293, 295, 296, 298, 300, 301, 303, 309], "excluded_lines": [], "start_line": 290}, "delete_synthdef": {"executed_lines": [], "summary": {"covered_lines": 0, "num_statements": 10, "percent_covered": 0.0, "percent_covered_display": "0", "missing_lines": 10, "excluded_lines": 0, "percent_statements_covered": 0.0, "percent_statements_covered_display": "0"}, "missing_lines": [316, 317, 319, 320, 321, 324, 327, 328, 329, 331], "excluded_lines": [], "start_line": 313}, "get_assets_info": {"executed_lines": [], "summary": {"covered_lines": 0, "num_statements": 15, "percent_covered": 0.0, "percent_covered_display": "0", "missing_lines": 15, "excluded_lines": 0, "percent_statements_covered": 0.0, "percent_statements_covered_display": "0"}, "missing_lines": [338, 339, 342, 343, 344, 345, 346, 347, 348, 349, 350, 353, 354, 355, 357], "excluded_lines": [], "start_line": 335}, "": {"executed_lines": [10, 11, 12, 13, 14, 16, 17, 19, 21, 24, 25, 28, 31, 33, 34, 35, 36, 37, 38, 41, 43, 44, 45, 48, 50, 53, 55, 56, 57, 62, 71, 78, 101, 113, 114, 189, 190, 218, 219, 243, 244, 289, 290, 312, 313, 334, 335], "summary": {"covered_lines": 47, "num_statements": 47, "percent_covered": 100.0, "percent_covered_display": "100", "missing_lines": 0, "excluded_lines": 0, "percent_statements_covered": 100.0, "percent_statements_covered_display": "100"}, "missing_lines": [], "excluded_lines": [], "start_line": 1}}, "classes": {"SampleInfo": {"executed_lines": [], "summary": {"covered_lines": 0, "num_statements": 0, "percent_covered": 100.0, "percent_covered_display": "100", "missing_lines": 0, "excluded_lines": 0, "percent_statements_covered": 100.0, "percent_statements_covered_display": "100"}, "missing_lines": [], "excluded_lines": [], "start_line": 31}, "SynthDefInfo": {"executed_lines": [], "summary": {"covered_lines": 0, "num_statements": 0, "percent_covered": 100.0, "percent_covered_display": "100", "missing_lines": 0, "excluded_lines": 0, "percent_statements_covered": 100.0, "percent_statements_covered_display": "100"}, "missing_lines": [], "excluded_lines": [], "start_line": 41}, "SamplesResponse": {"executed_lines": [], "summary": {"covered_lines": 0, "num_statements": 0, "percent_covered": 100.0, "percent_covered_display": "100", "missing_lines": 0, "excluded_lines": 0, "percent_statements_covered": 100.0, "percent_statements_covered_display": "100"}, "missing_lines": [], "excluded_lines": [], "start_line": 48}, "UploadResponse": {"executed_lines": [], "summary": {"covered_lines": 0, "num_statements": 0, "percent_covered": 100.0, "percent_covered_display": "100", "missing_lines": 0, "excluded_lines": 0, "percent_statements_covered": 100.0, "percent_statements_covered_display": "100"}, "missing_lines": [], "excluded_lines": [], "start_line": 53}, "": {"executed_lines": [10, 11, 12, 13, 14, 16, 17, 19, 21, 24, 25, 28, 31, 33, 34, 35, 36, 37, 38, 41, 43, 44, 45, 48, 50, 53, 55, 56, 57, 62, 71, 78, 101, 113, 114, 189, 190, 218, 219, 243, 244, 289, 290, 312, 313, 334, 335], "summary": {"covered_lines": 47, "num_statements": 168, "percent_covered": 27.976190476190474, "percent_covered_display": "28", "missing_lines": 121, "excluded_lines": 0, "percent_statements_covered": 27.976190476190474, "percent_statements_covered_display": "28"}, "missing_lines": [64, 65, 66, 67, 68, 73, 74, 75, 80, 81, 82, 84, 85, 87, 88, 89, 91, 103, 104, 105, 106, 107, 108, 130, 131, 134, 135, 136, 142, 143, 144, 145, 151, 152, 153, 159, 160, 162, 163, 164, 167, 168, 169, 175, 177, 186, 193, 195, 196, 199, 200, 201, 203, 204, 206, 207, 208, 209, 210, 212, 213, 215, 222, 223, 224, 227, 230, 231, 232, 233, 236, 237, 238, 240, 254, 255, 258, 259, 265, 266, 268, 269, 270, 273, 274, 278, 280, 286, 293, 295, 296, 298, 300, 301, 303, 309, 316, 317, 319, 320, 321, 324, 327, 328, 329, 331, 338, 339, 342, 343, 344, 345, 346, 347, 348, 349, 350, 353, 354, 355, 357], "excluded_lines": [], "start_line": 1}}}, "src/oiduna/application/api/routes/auth.py": {"executed_lines": [5, 6, 7, 9, 10, 13, 17, 19, 20, 21, 24, 26, 27, 28, 29, 30, 36, 38, 39, 40, 41, 45, 51, 97, 102, 133, 138, 168, 173], "summary": {"covered_lines": 29, "num_statements": 48, "percent_covered": 60.416666666666664, "percent_covered_display": "60", "missing_lines": 19, "excluded_lines": 0, "percent_statements_covered": 60.416666666666664, "percent_statements_covered_display": "60"}, "missing_lines": [79, 80, 86, 93, 94, 121, 122, 156, 157, 158, 160, 195, 196, 197, 200, 201, 207, 208, 209], "excluded_lines": [], "functions": {"create_client": {"executed_lines": [], "summary": {"covered_lines": 0, "num_statements": 5, "percent_covered": 0.0, "percent_covered_display": "0", "missing_lines": 5, "excluded_lines": 0, "percent_statements_covered": 0.0, "percent_statements_covered_display": "0"}, "missing_lines": [79, 80, 86, 93, 94], "excluded_lines": [], "start_line": 51}, "list_clients": {"executed_lines": [], "summary": {"covered_lines": 0, "num_statements": 2, "percent_covered": 0.0, "percent_covered_display": "0", "missing_lines": 2, "excluded_lines": 0, "percent_statements_covered": 0.0, "percent_statements_covered_display": "0"}, "missing_lines": [121, 122], "excluded_lines": [], "start_line": 102}, "get_client": {"executed_lines": [], "summary": {"covered_lines": 0, "num_statements": 4, "percent_covered": 0.0, "percent_covered_display": "0", "missing_lines": 4, "excluded_lines": 0, "percent_statements_covered": 0.0, "percent_statements_covered_display": "0"}, "missing_lines": [156, 157, 158, 160], "excluded_lines": [], "start_line": 138}, "delete_client": {"executed_lines": [], "summary": {"covered_lines": 0, "num_statements": 8, "percent_covered": 0.0, "percent_covered_display": "0", "missing_lines": 8, "excluded_lines": 0, "percent_statements_covered": 0.0, "percent_statements_covered_display": "0"}, "missing_lines": [195, 196, 197, 200, 201, 207, 208, 209], "excluded_lines": [], "start_line": 173}, "": {"executed_lines": [5, 6, 7, 9, 10, 13, 17, 19, 20, 21, 24, 26, 27, 28, 29, 30, 36, 38, 39, 40, 41, 45, 51, 97, 102, 133, 138, 168, 173], "summary": {"covered_lines": 29, "num_statements": 29, "percent_covered": 100.0, "percent_covered_display": "100", "missing_lines": 0, "excluded_lines": 0, "percent_statements_covered": 100.0, "percent_statements_covered_display": "100"}, "missing_lines": [], "excluded_lines": [], "start_line": 1}}, "classes": {"ClientCreateRequest": {"executed_lines": [], "summary": {"covered_lines": 0, "num_statements": 0, "percent_covered": 100.0, "percent_covered_display": "100", "missing_lines": 0, "excluded_lines": 0, "percent_statements_covered": 100.0, "percent_statements_covered_display": "100"}, "missing_lines": [], "excluded_lines": [], "start_line": 17}, "ClientResponse": {"executed_lines": [], "summary": {"covered_lines": 0, "num_statements": 0, "percent_covered": 100.0, "percent_covered_display": "100", "missing_lines": 0, "excluded_lines": 0, "percent_statements_covered": 100.0, "percent_statements_covered_display": "100"}, "missing_lines": [], "excluded_lines": [], "start_line": 24}, "ClientInfoResponse": {"executed_lines": [], "summary": {"covered_lines": 0, "num_statements": 0, "percent_covered": 100.0, "percent_covered_display": "100", "missing_lines": 0, "excluded_lines": 0, "percent_statements_covered": 100.0, "percent_statements_covered_display": "100"}, "missing_lines": [], "excluded_lines": [], "start_line": 36}, "": {"executed_lines": [5, 6, 7, 9, 10, 13, 17, 19, 20, 21, 24, 26, 27, 28, 29, 30, 36, 38, 39, 40, 41, 45, 51, 97, 102, 133, 138, 168, 173], "summary": {"covered_lines": 29, "num_statements": 48, "percent_covered": 60.416666666666664, "percent_covered_display": "60", "missing_lines": 19, "excluded_lines": 0, "percent_statements_covered": 60.416666666666664, "percent_statements_covered_display": "60"}, "missing_lines": [79, 80, 86, 93, 94, 121, 122, 156, 157, 158, 160, 195, 196, 197, 200, 201, 207, 208, 209], "excluded_lines": [], "start_line": 1}}}, "src/oiduna/application/api/routes/dashboard.py": {"executed_lines": [3, 5, 6, 7, 9, 12, 13, 16, 17], "summary": {"covered_lines": 9, "num_statements": 10, "percent_covered": 90.0, "percent_covered_display": "90", "missing_lines": 1, "excluded_lines": 0, "percent_statements_covered": 90.0, "percent_statements_covered_display": "90"}, "missing_lines": [19], "excluded_lines": [], "functions": {"dashboard": {"executed_lines": [], "summary": {"covered_lines": 0, "num_statements": 1, "percent_covered": 0.0, "percent_covered_display": "0", "missing_lines": 1, "excluded_lines": 0, "percent_statements_covered": 0.0, "percent_statements_covered_display": "0"}, "missing_lines": [19], "excluded_lines": [], "start_line": 17}, "": {"executed_lines": [3, 5, 6, 7, 9, 12, 13, 16, 17], "summary": {"covered_lines": 9, "num_statements": 9, "percent_covered": 100.0, "percent_covered_display": "100", "missing_lines": 0, "excluded_lines": 0, "percent_statements_covered": 100.0, "percent_statements_covered_display": "100"}, "missing_lines": [], "excluded_lines": [], "start_line": 1}}, "classes": {"": {"executed_lines": [3, 5, 6, 7, 9, 12, 13, 16, 17], "summary": {"covered_lines": 9, "num_statements": 10, "percent_covered": 90.0, "percent_covered_display": "90", "missing_lines": 1, "excluded_lines": 0, "percent_statements_covered": 90.0, "percent_statements_covered_display": "90"}, "missing_lines": [19], "excluded_lines": [], "start_line": 1}}}, "src/oiduna/application/api/routes/midi.py": {"executed_lines": [3, 4, 6, 8, 11, 14, 15, 16, 19, 22, 25, 28, 31, 34, 35, 38, 41, 44, 45, 72, 73, 94, 95], "summary": {"covered_lines": 23, "num_statements": 55, "percent_covered": 41.81818181818182, "percent_covered_display": "42", "missing_lines": 32, "excluded_lines": 0, "percent_statements_covered": 41.81818181818182, "percent_statements_covered_display": "42"}, "missing_lines": [49, 50, 52, 55, 56, 59, 60, 62, 64, 65, 68, 69, 78, 79, 81, 83, 84, 86, 88, 89, 90, 91, 99, 100, 101, 103, 104, 106, 108, 109, 110, 111], "excluded_lines": [], "functions": {"list_midi_ports": {"executed_lines": [], "summary": {"covered_lines": 0, "num_statements": 12, "percent_covered": 0.0, "percent_covered_display": "0", "missing_lines": 12, "excluded_lines": 0, "percent_statements_covered": 0.0, "percent_statements_covered_display": "0"}, "missing_lines": [49, 50, 52, 55, 56, 59, 60, 62, 64, 65, 68, 69], "excluded_lines": [], "start_line": 45}, "select_midi_port": {"executed_lines": [], "summary": {"covered_lines": 0, "num_statements": 10, "percent_covered": 0.0, "percent_covered_display": "0", "missing_lines": 10, "excluded_lines": 0, "percent_statements_covered": 0.0, "percent_statements_covered_display": "0"}, "missing_lines": [78, 79, 81, 83, 84, 86, 88, 89, 90, 91], "excluded_lines": [], "start_line": 73}, "midi_panic": {"executed_lines": [], "summary": {"covered_lines": 0, "num_statements": 10, "percent_covered": 0.0, "percent_covered_display": "0", "missing_lines": 10, "excluded_lines": 0, "percent_statements_covered": 0.0, "percent_statements_covered_display": "0"}, "missing_lines": [99, 100, 101, 103, 104, 106, 108, 109, 110, 111], "excluded_lines": [], "start_line": 95}, "": {"executed_lines": [3, 4, 6, 8, 11, 14, 15, 16, 19, 22, 25, 28, 31, 34, 35, 38, 41, 44, 45, 72, 73, 94, 95], "summary": {"covered_lines": 23, "num_statements": 23, "percent_covered": 100.0, "percent_covered_display": "100", "missing_lines": 0, "excluded_lines": 0, "percent_statements_covered": 100.0, "percent_statements_covered_display": "100"}, "missing_lines": [], "excluded_lines": [], "start_line": 1}}, "classes": {"MidiPort": {"executed_lines": [], "summary": {"covered_lines": 0, "num_statements": 0, "percent_covered": 100.0, "percent_covered_display": "100", "missing_lines": 0, "excluded_lines": 0, "percent_statements_covered": 100.0, "percent_statements_covered_display": "100"}, "missing_lines": [], "excluded_lines": [], "start_line": 11}, "MidiPortsResponse": {"executed_lines": [], "summary": {"covered_lines": 0, "num_statements": 0, "percent_covered": 100.0, "percent_covered_display": "100", "missing_lines": 0, "excluded_lines": 0, "percent_statements_covered": 100.0, "percent_statements_covered_display": "100"}, "missing_lines": [], "excluded_lines": [], "start_line": 19}, "SelectPortRequest": {"executed_lines": [], "summary": {"covered_lines": 0, "num_statements": 0, "percent_covered": 100.0, "percent_covered_display": "100", "missing_lines": 0, "excluded_lines": 0, "percent_statements_covered": 100.0, "percent_statements_covered_display": "100"}, "missing_lines": [], "excluded_lines": [], "start_line": 25}, "SelectPortResponse": {"executed_lines": [], "summary": {"covered_lines": 0, "num_statements": 0, "percent_covered": 100.0, "percent_covered_display": "100", "missing_lines": 0, "excluded_lines": 0, "percent_statements_covered": 100.0, "percent_statements_covered_display": "100"}, "missing_lines": [], "excluded_lines": [], "start_line": 31}, "PanicResponse": {"executed_lines": [], "summary": {"covered_lines": 0, "num_statements": 0, "percent_covered": 100.0, "percent_covered_display": "100", "missing_lines": 0, "excluded_lines": 0, "percent_statements_covered": 100.0, "percent_statements_covered_display": "100"}, "missing_lines": [], "excluded_lines": [], "start_line": 38}, "": {"executed_lines": [3, 4, 6, 8, 11, 14, 15, 16, 19, 22, 25, 28, 31, 34, 35, 38, 41, 44, 45, 72, 73, 94, 95], "summary": {"covered_lines": 23, "num_statements": 55, "percent_covered": 41.81818181818182, "percent_covered_display": "42", "missing_lines": 32, "excluded_lines": 0, "percent_statements_covered": 41.81818181818182, "percent_statements_covered_display": "42"}, "missing_lines": [49, 50, 52, 55, 56, 59, 60, 62, 64, 65, 68, 69, 78, 79, 81, 83, 84, 86, 88, 89, 90, 91, 99, 100, 101, 103, 104, 106, 108, 109, 110, 111], "excluded_lines": [], "start_line": 1}}}, "src/oiduna/application/api/routes/patterns.py": {"executed_lines": [5, 6, 7, 9, 10, 11, 14, 18, 20, 21, 22, 23, 26, 28, 29, 30, 31, 35, 51, 56, 79, 84, 110, 116, 175, 180, 237, 242, 282, 287, 316, 321, 346, 352, 396, 401, 445, 450], "summary": {"covered_lines": 38, "num_statements": 117, "percent_covered": 32.47863247863248, "percent_covered_display": "32", "missing_lines": 79, "excluded_lines": 0, "percent_statements_covered": 32.47863247863248, "percent_statements_covered_display": "32"}, "missing_lines": [41, 42, 43, 44, 75, 76, 101, 103, 104, 105, 107, 155, 157, 158, 160, 161, 168, 169, 170, 171, 172, 214, 217, 218, 219, 220, 221, 224, 225, 232, 233, 234, 263, 266, 267, 268, 269, 270, 273, 274, 275, 307, 309, 310, 311, 313, 337, 339, 340, 341, 343, 379, 381, 382, 389, 390, 391, 392, 393, 422, 425, 426, 427, 428, 429, 432, 433, 440, 441, 442, 466, 469, 470, 471, 472, 473, 476, 477, 478], "excluded_lines": [], "functions": {"verify_auth": {"executed_lines": [], "summary": {"covered_lines": 0, "num_statements": 4, "percent_covered": 0.0, "percent_covered_display": "0", "missing_lines": 4, "excluded_lines": 0, "percent_statements_covered": 0.0, "percent_statements_covered_display": "0"}, "missing_lines": [41, 42, 43, 44], "excluded_lines": [], "start_line": 35}, "list_all_patterns": {"executed_lines": [], "summary": {"covered_lines": 0, "num_statements": 2, "percent_covered": 0.0, "percent_covered_display": "0", "missing_lines": 2, "excluded_lines": 0, "percent_statements_covered": 0.0, "percent_statements_covered_display": "0"}, "missing_lines": [75, 76], "excluded_lines": [], "start_line": 56}, "get_pattern_by_id": {"executed_lines": [], "summary": {"covered_lines": 0, "num_statements": 5, "percent_covered": 0.0, "percent_covered_display": "0", "missing_lines": 5, "excluded_lines": 0, "percent_statements_covered": 0.0, "percent_statements_covered_display": "0"}, "missing_lines": [101, 103, 104, 105, 107], "excluded_lines": [], "start_line": 84}, "create_pattern_flat": {"executed_lines": [], "summary": {"covered_lines": 0, "num_statements": 10, "percent_covered": 0.0, "percent_covered_display": "0", "missing_lines": 10, "excluded_lines": 0, "percent_statements_covered": 0.0, "percent_statements_covered_display": "0"}, "missing_lines": [155, 157, 158, 160, 161, 168, 169, 170, 171, 172], "excluded_lines": [], "start_line": 116}, "update_pattern_flat": {"executed_lines": [], "summary": {"covered_lines": 0, "num_statements": 11, "percent_covered": 0.0, "percent_covered_display": "0", "missing_lines": 11, "excluded_lines": 0, "percent_statements_covered": 0.0, "percent_statements_covered_display": "0"}, "missing_lines": [214, 217, 218, 219, 220, 221, 224, 225, 232, 233, 234], "excluded_lines": [], "start_line": 180}, "delete_pattern_flat": {"executed_lines": [], "summary": {"covered_lines": 0, "num_statements": 9, "percent_covered": 0.0, "percent_covered_display": "0", "missing_lines": 9, "excluded_lines": 0, "percent_statements_covered": 0.0, "percent_statements_covered_display": "0"}, "missing_lines": [263, 266, 267, 268, 269, 270, 273, 274, 275], "excluded_lines": [], "start_line": 242}, "list_patterns_in_track": {"executed_lines": [], "summary": {"covered_lines": 0, "num_statements": 5, "percent_covered": 0.0, "percent_covered_display": "0", "missing_lines": 5, "excluded_lines": 0, "percent_statements_covered": 0.0, "percent_statements_covered_display": "0"}, "missing_lines": [307, 309, 310, 311, 313], "excluded_lines": [], "start_line": 287}, "get_pattern_hierarchical": {"executed_lines": [], "summary": {"covered_lines": 0, "num_statements": 5, "percent_covered": 0.0, "percent_covered_display": "0", "missing_lines": 5, "excluded_lines": 0, "percent_statements_covered": 0.0, "percent_statements_covered_display": "0"}, "missing_lines": [337, 339, 340, 341, 343], "excluded_lines": [], "start_line": 321}, "create_pattern_hierarchical": {"executed_lines": [], "summary": {"covered_lines": 0, "num_statements": 8, "percent_covered": 0.0, "percent_covered_display": "0", "missing_lines": 8, "excluded_lines": 0, "percent_statements_covered": 0.0, "percent_statements_covered_display": "0"}, "missing_lines": [379, 381, 382, 389, 390, 391, 392, 393], "excluded_lines": [], "start_line": 352}, "update_pattern_hierarchical": {"executed_lines": [], "summary": {"covered_lines": 0, "num_statements": 11, "percent_covered": 0.0, "percent_covered_display": "0", "missing_lines": 11, "excluded_lines": 0, "percent_statements_covered": 0.0, "percent_statements_covered_display": "0"}, "missing_lines": [422, 425, 426, 427, 428, 429, 432, 433, 440, 441, 442], "excluded_lines": [], "start_line": 401}, "delete_pattern_hierarchical": {"executed_lines": [], "summary": {"covered_lines": 0, "num_statements": 9, "percent_covered": 0.0, "percent_covered_display": "0", "missing_lines": 9, "excluded_lines": 0, "percent_statements_covered": 0.0, "percent_statements_covered_display": "0"}, "missing_lines": [466, 469, 470, 471, 472, 473, 476, 477, 478], "excluded_lines": [], "start_line": 450}, "": {"executed_lines": [5, 6, 7, 9, 10, 11, 14, 18, 20, 21, 22, 23, 26, 28, 29, 30, 31, 35, 51, 56, 79, 84, 110, 116, 175, 180, 237, 242, 282, 287, 316, 321, 346, 352, 396, 401, 445, 450], "summary": {"covered_lines": 38, "num_statements": 38, "percent_covered": 100.0, "percent_covered_display": "100", "missing_lines": 0, "excluded_lines": 0, "percent_statements_covered": 100.0, "percent_statements_covered_display": "100"}, "missing_lines": [], "excluded_lines": [], "start_line": 1}}, "classes": {"PatternCreateRequest": {"executed_lines": [], "summary": {"covered_lines": 0, "num_statements": 0, "percent_covered": 100.0, "percent_covered_display": "100", "missing_lines": 0, "excluded_lines": 0, "percent_statements_covered": 100.0, "percent_statements_covered_display": "100"}, "missing_lines": [], "excluded_lines": [], "start_line": 18}, "PatternUpdateRequest": {"executed_lines": [], "summary": {"covered_lines": 0, "num_statements": 0, "percent_covered": 100.0, "percent_covered_display": "100", "missing_lines": 0, "excluded_lines": 0, "percent_statements_covered": 100.0, "percent_statements_covered_display": "100"}, "missing_lines": [], "excluded_lines": [], "start_line": 26}, "": {"executed_lines": [5, 6, 7, 9, 10, 11, 14, 18, 20, 21, 22, 23, 26, 28, 29, 30, 31, 35, 51, 56, 79, 84, 110, 116, 175, 180, 237, 242, 282, 287, 316, 321, 346, 352, 396, 401, 445, 450], "summary": {"covered_lines": 38, "num_statements": 117, "percent_covered": 32.47863247863248, "percent_covered_display": "32", "missing_lines": 79, "excluded_lines": 0, "percent_statements_covered": 32.47863247863248, "percent_statements_covered_display": "32"}, "missing_lines": [41, 42, 43, 44, 75, 76, 101, 103, 104, 105, 107, 155, 157, 158, 160, 161, 168, 169, 170, 171, 172, 214, 217, 218, 219, 220, 221, 224, 225, 232, 233, 234, 263, 266, 267, 268, 269, 270, 273, 274, 275, 307, 309, 310, 311, 313, 337, 339, 340, 341, 343, 379, 381, 382, 389, 390, 391, 392, 393, 422, 425, 426, 427, 428, 429, 432, 433, 440, 441, 442, 466, 469, 470, 471, 472, 473, 476, 477, 478], "excluded_lines": [], "start_line": 1}}}, "src/oiduna/application/api/routes/playback.py": {"executed_lines": [3, 4, 5, 7, 8, 10, 11, 12, 13, 14, 16, 18, 25, 28, 29, 30, 31, 34, 37, 41, 42, 45, 48, 51, 54, 55, 56, 57, 58, 59, 60, 61, 64, 65, 78, 79, 92, 93, 106, 107, 114, 115, 176, 177, 191, 192], "summary": {"covered_lines": 46, "num_statements": 111, "percent_covered": 41.44144144144144, "percent_covered_display": "41", "missing_lines": 65, "excluded_lines": 0, "percent_statements_covered": 41.44144144144144, "percent_statements_covered_display": "41"}, "missing_lines": [69, 70, 72, 73, 75, 83, 84, 86, 87, 89, 97, 98, 100, 101, 103, 111, 134, 137, 152, 153, 154, 155, 156, 157, 159, 161, 163, 164, 166, 168, 182, 183, 185, 186, 188, 246, 247, 248, 251, 252, 256, 257, 258, 259, 266, 270, 273, 276, 283, 284, 285, 286, 287, 288, 291, 292, 294, 295, 296, 298, 301, 302, 303, 305, 310], "excluded_lines": [], "functions": {"start_playback": {"executed_lines": [], "summary": {"covered_lines": 0, "num_statements": 5, "percent_covered": 0.0, "percent_covered_display": "0", "missing_lines": 5, "excluded_lines": 0, "percent_statements_covered": 0.0, "percent_statements_covered_display": "0"}, "missing_lines": [69, 70, 72, 73, 75], "excluded_lines": [], "start_line": 65}, "stop_playback": {"executed_lines": [], "summary": {"covered_lines": 0, "num_statements": 5, "percent_covered": 0.0, "percent_covered_display": "0", "missing_lines": 5, "excluded_lines": 0, "percent_statements_covered": 0.0, "percent_statements_covered_display": "0"}, "missing_lines": [83, 84, 86, 87, 89], "excluded_lines": [], "start_line": 79}, "pause_playback": {"executed_lines": [], "summary": {"covered_lines": 0, "num_statements": 5, "percent_covered": 0.0, "percent_covered_display": "0", "missing_lines": 5, "excluded_lines": 0, "percent_statements_covered": 0.0, "percent_statements_covered_display": "0"}, "missing_lines": [97, 98, 100, 101, 103], "excluded_lines": [], "start_line": 93}, "get_status": {"executed_lines": [], "summary": {"covered_lines": 0, "num_statements": 1, "percent_covered": 0.0, "percent_covered_display": "0", "missing_lines": 1, "excluded_lines": 0, "percent_statements_covered": 0.0, "percent_statements_covered_display": "0"}, "missing_lines": [111], "excluded_lines": [], "start_line": 107}, "load_session": {"executed_lines": [], "summary": {"covered_lines": 0, "num_statements": 14, "percent_covered": 0.0, "percent_covered_display": "0", "missing_lines": 14, "excluded_lines": 0, "percent_statements_covered": 0.0, "percent_statements_covered_display": "0"}, "missing_lines": [134, 137, 152, 153, 154, 155, 156, 157, 159, 161, 163, 164, 166, 168], "excluded_lines": [], "start_line": 115}, "set_bpm": {"executed_lines": [], "summary": {"covered_lines": 0, "num_statements": 5, "percent_covered": 0.0, "percent_covered_display": "0", "missing_lines": 5, "excluded_lines": 0, "percent_statements_covered": 0.0, "percent_statements_covered_display": "0"}, "missing_lines": [182, 183, 185, 186, 188], "excluded_lines": [], "start_line": 177}, "sync_session_to_engine": {"executed_lines": [], "summary": {"covered_lines": 0, "num_statements": 30, "percent_covered": 0.0, "percent_covered_display": "0", "missing_lines": 30, "excluded_lines": 0, "percent_statements_covered": 0.0, "percent_statements_covered_display": "0"}, "missing_lines": [246, 247, 248, 251, 252, 256, 257, 258, 259, 266, 270, 273, 276, 283, 284, 285, 286, 287, 288, 291, 292, 294, 295, 296, 298, 301, 302, 303, 305, 310], "excluded_lines": [], "start_line": 192}, "": {"executed_lines": [3, 4, 5, 7, 8, 10, 11, 12, 13, 14, 16, 18, 25, 28, 29, 30, 31, 34, 37, 41, 42, 45, 48, 51, 54, 55, 56, 57, 58, 59, 60, 61, 64, 65, 78, 79, 92, 93, 106, 107, 114, 115, 176, 177, 191, 192], "summary": {"covered_lines": 46, "num_statements": 46, "percent_covered": 100.0, "percent_covered_display": "100", "missing_lines": 0, "excluded_lines": 0, "percent_statements_covered": 100.0, "percent_statements_covered_display": "100"}, "missing_lines": [], "excluded_lines": [], "start_line": 1}}, "classes": {"ScheduleEntryRequest": {"executed_lines": [], "summary": {"covered_lines": 0, "num_statements": 0, "percent_covered": 100.0, "percent_covered_display": "100", "missing_lines": 0, "excluded_lines": 0, "percent_statements_covered": 100.0, "percent_statements_covered_display": "100"}, "missing_lines": [], "excluded_lines": [], "start_line": 25}, "SessionRequest": {"executed_lines": [], "summary": {"covered_lines": 0, "num_statements": 0, "percent_covered": 100.0, "percent_covered_display": "100", "missing_lines": 0, "excluded_lines": 0, "percent_statements_covered": 100.0, "percent_statements_covered_display": "100"}, "missing_lines": [], "excluded_lines": [], "start_line": 34}, "BpmRequest": {"executed_lines": [], "summary": {"covered_lines": 0, "num_statements": 0, "percent_covered": 100.0, "percent_covered_display": "100", "missing_lines": 0, "excluded_lines": 0, "percent_statements_covered": 100.0, "percent_statements_covered_display": "100"}, "missing_lines": [], "excluded_lines": [], "start_line": 45}, "StatusResponse": {"executed_lines": [], "summary": {"covered_lines": 0, "num_statements": 0, "percent_covered": 100.0, "percent_covered_display": "100", "missing_lines": 0, "excluded_lines": 0, "percent_statements_covered": 100.0, "percent_statements_covered_display": "100"}, "missing_lines": [], "excluded_lines": [], "start_line": 51}, "": {"executed_lines": [3, 4, 5, 7, 8, 10, 11, 12, 13, 14, 16, 18, 25, 28, 29, 30, 31, 34, 37, 41, 42, 45, 48, 51, 54, 55, 56, 57, 58, 59, 60, 61, 64, 65, 78, 79, 92, 93, 106, 107, 114, 115, 176, 177, 191, 192], "summary": {"covered_lines": 46, "num_statements": 111, "percent_covered": 41.44144144144144, "percent_covered_display": "41", "missing_lines": 65, "excluded_lines": 0, "percent_statements_covered": 41.44144144144144, "percent_statements_covered_display": "41"}, "missing_lines": [69, 70, 72, 73, 75, 83, 84, 86, 87, 89, 97, 98, 100, 101, 103, 111, 134, 137, 152, 153, 154, 155, 156, 157, 159, 161, 163, 164, 166, 168, 182, 183, 185, 186, 188, 246, 247, 248, 251, 252, 256, 257, 258, 259, 266, 270, 273, 276, 283, 284, 285, 286, 287, 288, 291, 292, 294, 295, 296, 298, 301, 302, 303, 305, 310], "excluded_lines": [], "start_line": 1}}}, "src/oiduna/application/api/routes/session.py": {"executed_lines": [5, 6, 7, 9, 10, 11, 12, 15, 19, 21, 22, 23, 30, 34, 110, 115, 181, 185], "summary": {"covered_lines": 18, "num_statements": 40, "percent_covered": 45.0, "percent_covered_display": "45", "missing_lines": 22, "excluded_lines": 0, "percent_statements_covered": 45.0, "percent_statements_covered_display": "45"}, "missing_lines": [81, 84, 95, 100, 150, 151, 152, 156, 159, 170, 218, 219, 220, 223, 231, 232, 233, 234, 235, 236, 238, 240], "excluded_lines": [], "functions": {"get_config": {"executed_lines": [], "summary": {"covered_lines": 0, "num_statements": 4, "percent_covered": 0.0, "percent_covered_display": "0", "missing_lines": 4, "excluded_lines": 0, "percent_statements_covered": 0.0, "percent_statements_covered_display": "0"}, "missing_lines": [81, 84, 95, 100], "excluded_lines": [], "start_line": 34}, "get_session_state": {"executed_lines": [], "summary": {"covered_lines": 0, "num_statements": 6, "percent_covered": 0.0, "percent_covered_display": "0", "missing_lines": 6, "excluded_lines": 0, "percent_statements_covered": 0.0, "percent_statements_covered_display": "0"}, "missing_lines": [150, 151, 152, 156, 159, 170], "excluded_lines": [], "start_line": 115}, "update_environment": {"executed_lines": [], "summary": {"covered_lines": 0, "num_statements": 12, "percent_covered": 0.0, "percent_covered_display": "0", "missing_lines": 12, "excluded_lines": 0, "percent_statements_covered": 0.0, "percent_statements_covered_display": "0"}, "missing_lines": [218, 219, 220, 223, 231, 232, 233, 234, 235, 236, 238, 240], "excluded_lines": [], "start_line": 185}, "": {"executed_lines": [5, 6, 7, 9, 10, 11, 12, 15, 19, 21, 22, 23, 30, 34, 110, 115, 181, 185], "summary": {"covered_lines": 18, "num_statements": 18, "percent_covered": 100.0, "percent_covered_display": "100", "missing_lines": 0, "excluded_lines": 0, "percent_statements_covered": 100.0, "percent_statements_covered_display": "100"}, "missing_lines": [], "excluded_lines": [], "start_line": 1}}, "classes": {"EnvironmentUpdateRequest": {"executed_lines": [], "summary": {"covered_lines": 0, "num_statements": 0, "percent_covered": 100.0, "percent_covered_display": "100", "missing_lines": 0, "excluded_lines": 0, "percent_statements_covered": 100.0, "percent_statements_covered_display": "100"}, "missing_lines": [], "excluded_lines": [], "start_line": 19}, "": {"executed_lines": [5, 6, 7, 9, 10, 11, 12, 15, 19, 21, 22, 23, 30, 34, 110, 115, 181, 185], "summary": {"covered_lines": 18, "num_statements": 40, "percent_covered": 45.0, "percent_covered_display": "45", "missing_lines": 22, "excluded_lines": 0, "percent_statements_covered": 45.0, "percent_statements_covered_display": "45"}, "missing_lines": [81, 84, 95, 100, 150, 151, 152, 156, 159, 170, 218, 219, 220, 223, 231, 232, 233, 234, 235, 236, 238, 240], "excluded_lines": [], "start_line": 1}}}, "src/oiduna/application/api/routes/stream.py": {"executed_lines": [18, 19, 20, 22, 23, 25, 26, 28, 31, 34, 61, 79, 80], "summary": {"covered_lines": 13, "num_statements": 23, "percent_covered": 56.52173913043478, "percent_covered_display": "57", "missing_lines": 10, "excluded_lines": 0, "percent_statements_covered": 56.52173913043478, "percent_statements_covered_display": "57"}, "missing_lines": [49, 51, 52, 54, 55, 56, 58, 76, 123, 124], "excluded_lines": [], "functions": {"_event_stream": {"executed_lines": [], "summary": {"covered_lines": 0, "num_statements": 7, "percent_covered": 0.0, "percent_covered_display": "0", "missing_lines": 7, "excluded_lines": 0, "percent_statements_covered": 0.0, "percent_statements_covered_display": "0"}, "missing_lines": [49, 51, 52, 54, 55, 56, 58], "excluded_lines": [], "start_line": 34}, "_sse_event": {"executed_lines": [], "summary": {"covered_lines": 0, "num_statements": 1, "percent_covered": 0.0, "percent_covered_display": "0", "missing_lines": 1, "excluded_lines": 0, "percent_statements_covered": 0.0, "percent_statements_covered_display": "0"}, "missing_lines": [76], "excluded_lines": [], "start_line": 61}, "stream_events": {"executed_lines": [], "summary": {"covered_lines": 0, "num_statements": 2, "percent_covered": 0.0, "percent_covered_display": "0", "missing_lines": 2, "excluded_lines": 0, "percent_statements_covered": 0.0, "percent_statements_covered_display": "0"}, "missing_lines": [123, 124], "excluded_lines": [], "start_line": 80}, "": {"executed_lines": [18, 19, 20, 22, 23, 25, 26, 28, 31, 34, 61, 79, 80], "summary": {"covered_lines": 13, "num_statements": 13, "percent_covered": 100.0, "percent_covered_display": "100", "missing_lines": 0, "excluded_lines": 0, "percent_statements_covered": 100.0, "percent_statements_covered_display": "100"}, "missing_lines": [], "excluded_lines": [], "start_line": 1}}, "classes": {"": {"executed_lines": [18, 19, 20, 22, 23, 25, 26, 28, 31, 34, 61, 79, 80], "summary": {"covered_lines": 13, "num_statements": 23, "percent_covered": 56.52173913043478, "percent_covered_display": "57", "missing_lines": 10, "excluded_lines": 0, "percent_statements_covered": 56.52173913043478, "percent_statements_covered_display": "57"}, "missing_lines": [49, 51, 52, 54, 55, 56, 58, 76, 123, 124], "excluded_lines": [], "start_line": 1}}}, "src/oiduna/application/api/routes/timeline.py": {"executed_lines": [3, 4, 6, 7, 9, 10, 11, 12, 14, 16, 23, 26, 27, 28, 29, 32, 35, 36, 40, 41, 42, 45, 48, 49, 50, 51, 52, 55, 58, 59, 60, 61, 62, 63, 64, 65, 68, 71, 72, 73, 74, 77, 80, 81, 88, 113, 114, 177, 178, 217, 218, 245, 246, 305, 306], "summary": {"covered_lines": 55, "num_statements": 102, "percent_covered": 53.92156862745098, "percent_covered_display": "54", "missing_lines": 47, "excluded_lines": 0, "percent_statements_covered": 53.92156862745098, "percent_statements_covered_display": "54"}, "missing_lines": [99, 100, 101, 103, 104, 106, 125, 128, 129, 132, 133, 139, 150, 157, 166, 167, 169, 190, 191, 194, 197, 211, 228, 230, 231, 233, 258, 261, 262, 263, 266, 267, 270, 271, 281, 283, 290, 299, 300, 302, 316, 319, 321, 322, 323, 325, 327], "excluded_lines": [], "functions": {"get_authenticated_client": {"executed_lines": [], "summary": {"covered_lines": 0, "num_statements": 6, "percent_covered": 0.0, "percent_covered_display": "0", "missing_lines": 6, "excluded_lines": 0, "percent_statements_covered": 0.0, "percent_statements_covered_display": "0"}, "missing_lines": [99, 100, 101, 103, 104, 106], "excluded_lines": [], "start_line": 88}, "cue_change": {"executed_lines": [], "summary": {"covered_lines": 0, "num_statements": 11, "percent_covered": 0.0, "percent_covered_display": "0", "missing_lines": 11, "excluded_lines": 0, "percent_statements_covered": 0.0, "percent_statements_covered_display": "0"}, "missing_lines": [125, 128, 129, 132, 133, 139, 150, 157, 166, 167, 169], "excluded_lines": [], "start_line": 114}, "get_timeline": {"executed_lines": [], "summary": {"covered_lines": 0, "num_statements": 5, "percent_covered": 0.0, "percent_covered_display": "0", "missing_lines": 5, "excluded_lines": 0, "percent_statements_covered": 0.0, "percent_statements_covered_display": "0"}, "missing_lines": [190, 191, 194, 197, 211], "excluded_lines": [], "start_line": 178}, "get_change": {"executed_lines": [], "summary": {"covered_lines": 0, "num_statements": 4, "percent_covered": 0.0, "percent_covered_display": "0", "missing_lines": 4, "excluded_lines": 0, "percent_statements_covered": 0.0, "percent_statements_covered_display": "0"}, "missing_lines": [228, 230, 231, 233], "excluded_lines": [], "start_line": 218}, "update_change": {"executed_lines": [], "summary": {"covered_lines": 0, "num_statements": 14, "percent_covered": 0.0, "percent_covered_display": "0", "missing_lines": 14, "excluded_lines": 0, "percent_statements_covered": 0.0, "percent_statements_covered_display": "0"}, "missing_lines": [258, 261, 262, 263, 266, 267, 270, 271, 281, 283, 290, 299, 300, 302], "excluded_lines": [], "start_line": 246}, "cancel_change": {"executed_lines": [], "summary": {"covered_lines": 0, "num_statements": 7, "percent_covered": 0.0, "percent_covered_display": "0", "missing_lines": 7, "excluded_lines": 0, "percent_statements_covered": 0.0, "percent_statements_covered_display": "0"}, "missing_lines": [316, 319, 321, 322, 323, 325, 327], "excluded_lines": [], "start_line": 306}, "": {"executed_lines": [3, 4, 6, 7, 9, 10, 11, 12, 14, 16, 23, 26, 27, 28, 29, 32, 35, 36, 40, 41, 42, 45, 48, 49, 50, 51, 52, 55, 58, 59, 60, 61, 62, 63, 64, 65, 68, 71, 72, 73, 74, 77, 80, 81, 88, 113, 114, 177, 178, 217, 218, 245, 246, 305, 306], "summary": {"covered_lines": 55, "num_statements": 55, "percent_covered": 100.0, "percent_covered_display": "100", "missing_lines": 0, "excluded_lines": 0, "percent_statements_covered": 100.0, "percent_statements_covered_display": "100"}, "missing_lines": [], "excluded_lines": [], "start_line": 1}}, "classes": {"ScheduleEntryRequest": {"executed_lines": [], "summary": {"covered_lines": 0, "num_statements": 0, "percent_covered": 100.0, "percent_covered_display": "100", "missing_lines": 0, "excluded_lines": 0, "percent_statements_covered": 100.0, "percent_statements_covered_display": "100"}, "missing_lines": [], "excluded_lines": [], "start_line": 23}, "CueChangeRequest": {"executed_lines": [], "summary": {"covered_lines": 0, "num_statements": 0, "percent_covered": 100.0, "percent_covered_display": "100", "missing_lines": 0, "excluded_lines": 0, "percent_statements_covered": 100.0, "percent_statements_covered_display": "100"}, "missing_lines": [], "excluded_lines": [], "start_line": 32}, "UpdateChangeRequest": {"executed_lines": [], "summary": {"covered_lines": 0, "num_statements": 0, "percent_covered": 100.0, "percent_covered_display": "100", "missing_lines": 0, "excluded_lines": 0, "percent_statements_covered": 100.0, "percent_statements_covered_display": "100"}, "missing_lines": [], "excluded_lines": [], "start_line": 45}, "ChangeResponse": {"executed_lines": [], "summary": {"covered_lines": 0, "num_statements": 0, "percent_covered": 100.0, "percent_covered_display": "100", "missing_lines": 0, "excluded_lines": 0, "percent_statements_covered": 100.0, "percent_statements_covered_display": "100"}, "missing_lines": [], "excluded_lines": [], "start_line": 55}, "CueChangeResponse": {"executed_lines": [], "summary": {"covered_lines": 0, "num_statements": 0, "percent_covered": 100.0, "percent_covered_display": "100", "missing_lines": 0, "excluded_lines": 0, "percent_statements_covered": 100.0, "percent_statements_covered_display": "100"}, "missing_lines": [], "excluded_lines": [], "start_line": 68}, "TimelineResponse": {"executed_lines": [], "summary": {"covered_lines": 0, "num_statements": 0, "percent_covered": 100.0, "percent_covered_display": "100", "missing_lines": 0, "excluded_lines": 0, "percent_statements_covered": 100.0, "percent_statements_covered_display": "100"}, "missing_lines": [], "excluded_lines": [], "start_line": 77}, "": {"executed_lines": [3, 4, 6, 7, 9, 10, 11, 12, 14, 16, 23, 26, 27, 28, 29, 32, 35, 36, 40, 41, 42, 45, 48, 49, 50, 51, 52, 55, 58, 59, 60, 61, 62, 63, 64, 65, 68, 71, 72, 73, 74, 77, 80, 81, 88, 113, 114, 177, 178, 217, 218, 245, 246, 305, 306], "summary": {"covered_lines": 55, "num_statements": 102, "percent_covered": 53.92156862745098, "percent_covered_display": "54", "missing_lines": 47, "excluded_lines": 0, "percent_statements_covered": 53.92156862745098, "percent_statements_covered_display": "54"}, "missing_lines": [99, 100, 101, 103, 104, 106, 125, 128, 129, 132, 133, 139, 150, 157, 166, 167, 169, 190, 191, 194, 197, 211, 228, 230, 231, 233, 258, 261, 262, 263, 266, 267, 270, 271, 281, 283, 290, 299, 300, 302, 316, 319, 321, 322, 323, 325, 327], "excluded_lines": [], "start_line": 1}}}, "src/oiduna/application/api/routes/tracks.py": {"executed_lines": [5, 6, 7, 9, 10, 11, 14, 18, 20, 21, 22, 27, 28, 29, 51, 53, 60, 73, 78, 96, 101, 125, 131, 179, 184, 224, 229], "summary": {"covered_lines": 27, "num_statements": 62, "percent_covered": 43.54838709677419, "percent_covered_display": "44", "missing_lines": 35, "excluded_lines": 0, "percent_statements_covered": 43.54838709677419, "percent_statements_covered_display": "44"}, "missing_lines": [42, 43, 48, 66, 67, 68, 69, 92, 93, 116, 118, 119, 120, 122, 165, 167, 168, 174, 175, 176, 206, 209, 210, 211, 217, 218, 219, 221, 246, 249, 250, 251, 257, 258, 259], "excluded_lines": [], "functions": {"TrackCreateRequest.validate_destination_id": {"executed_lines": [], "summary": {"covered_lines": 0, "num_statements": 3, "percent_covered": 0.0, "percent_covered_display": "0", "missing_lines": 3, "excluded_lines": 0, "percent_statements_covered": 0.0, "percent_statements_covered_display": "0"}, "missing_lines": [42, 43, 48], "excluded_lines": [], "start_line": 29}, "verify_auth": {"executed_lines": [], "summary": {"covered_lines": 0, "num_statements": 4, "percent_covered": 0.0, "percent_covered_display": "0", "missing_lines": 4, "excluded_lines": 0, "percent_statements_covered": 0.0, "percent_statements_covered_display": "0"}, "missing_lines": [66, 67, 68, 69], "excluded_lines": [], "start_line": 60}, "list_tracks": {"executed_lines": [], "summary": {"covered_lines": 0, "num_statements": 2, "percent_covered": 0.0, "percent_covered_display": "0", "missing_lines": 2, "excluded_lines": 0, "percent_statements_covered": 0.0, "percent_statements_covered_display": "0"}, "missing_lines": [92, 93], "excluded_lines": [], "start_line": 78}, "get_track": {"executed_lines": [], "summary": {"covered_lines": 0, "num_statements": 5, "percent_covered": 0.0, "percent_covered_display": "0", "missing_lines": 5, "excluded_lines": 0, "percent_statements_covered": 0.0, "percent_statements_covered_display": "0"}, "missing_lines": [116, 118, 119, 120, 122], "excluded_lines": [], "start_line": 101}, "create_track": {"executed_lines": [], "summary": {"covered_lines": 0, "num_statements": 6, "percent_covered": 0.0, "percent_covered_display": "0", "missing_lines": 6, "excluded_lines": 0, "percent_statements_covered": 0.0, "percent_statements_covered_display": "0"}, "missing_lines": [165, 167, 168, 174, 175, 176], "excluded_lines": [], "start_line": 131}, "update_track": {"executed_lines": [], "summary": {"covered_lines": 0, "num_statements": 8, "percent_covered": 0.0, "percent_covered_display": "0", "missing_lines": 8, "excluded_lines": 0, "percent_statements_covered": 0.0, "percent_statements_covered_display": "0"}, "missing_lines": [206, 209, 210, 211, 217, 218, 219, 221], "excluded_lines": [], "start_line": 184}, "delete_track": {"executed_lines": [], "summary": {"covered_lines": 0, "num_statements": 7, "percent_covered": 0.0, "percent_covered_display": "0", "missing_lines": 7, "excluded_lines": 0, "percent_statements_covered": 0.0, "percent_statements_covered_display": "0"}, "missing_lines": [246, 249, 250, 251, 257, 258, 259], "excluded_lines": [], "start_line": 229}, "": {"executed_lines": [5, 6, 7, 9, 10, 11, 14, 18, 20, 21, 22, 27, 28, 29, 51, 53, 60, 73, 78, 96, 101, 125, 131, 179, 184, 224, 229], "summary": {"covered_lines": 27, "num_statements": 27, "percent_covered": 100.0, "percent_covered_display": "100", "missing_lines": 0, "excluded_lines": 0, "percent_statements_covered": 100.0, "percent_statements_covered_display": "100"}, "missing_lines": [], "excluded_lines": [], "start_line": 1}}, "classes": {"TrackCreateRequest": {"executed_lines": [], "summary": {"covered_lines": 0, "num_statements": 3, "percent_covered": 0.0, "percent_covered_display": "0", "missing_lines": 3, "excluded_lines": 0, "percent_statements_covered": 0.0, "percent_statements_covered_display": "0"}, "missing_lines": [42, 43, 48], "excluded_lines": [], "start_line": 18}, "TrackUpdateRequest": {"executed_lines": [], "summary": {"covered_lines": 0, "num_statements": 0, "percent_covered": 100.0, "percent_covered_display": "100", "missing_lines": 0, "excluded_lines": 0, "percent_statements_covered": 100.0, "percent_statements_covered_display": "100"}, "missing_lines": [], "excluded_lines": [], "start_line": 51}, "": {"executed_lines": [5, 6, 7, 9, 10, 11, 14, 18, 20, 21, 22, 27, 28, 29, 51, 53, 60, 73, 78, 96, 101, 125, 131, 179, 184, 224, 229], "summary": {"covered_lines": 27, "num_statements": 59, "percent_covered": 45.76271186440678, "percent_covered_display": "46", "missing_lines": 32, "excluded_lines": 0, "percent_statements_covered": 45.76271186440678, "percent_statements_covered_display": "46"}, "missing_lines": [66, 67, 68, 69, 92, 93, 116, 118, 119, 120, 122, 165, 167, 168, 174, 175, 176, 206, 209, 210, 211, 217, 218, 219, 221, 246, 249, 250, 251, 257, 258, 259], "excluded_lines": [], "start_line": 1}}}, "src/oiduna/application/api/services/__init__.py": {"executed_lines": [3, 5], "summary": {"covered_lines": 2, "num_statements": 2, "percent_covered": 100.0, "percent_covered_display": "100", "missing_lines": 0, "excluded_lines": 0, "percent_statements_covered": 100.0, "percent_statements_covered_display": "100"}, "missing_lines": [], "excluded_lines": [], "functions": {"": {"executed_lines": [3, 5], "summary": {"covered_lines": 2, "num_statements": 2, "percent_covered": 100.0, "percent_covered_display": "100", "missing_lines": 0, "excluded_lines": 0, "percent_statements_covered": 100.0, "percent_statements_covered_display": "100"}, "missing_lines": [], "excluded_lines": [], "start_line": 1}}, "classes": {"": {"executed_lines": [3, 5], "summary": {"covered_lines": 2, "num_statements": 2, "percent_covered": 100.0, "percent_covered_display": "100", "missing_lines": 0, "excluded_lines": 0, "percent_statements_covered": 100.0, "percent_statements_covered_display": "100"}, "missing_lines": [], "excluded_lines": [], "start_line": 1}}}, "src/oiduna/application/api/services/loop_service.py": {"executed_lines": [3, 4, 5, 6, 8, 9, 10, 12, 16, 19, 22, 26, 57, 63, 69, 86, 104, 105], "summary": {"covered_lines": 18, "num_statements": 52, "percent_covered": 34.61538461538461, "percent_covered_display": "35", "missing_lines": 34, "excluded_lines": 0, "percent_statements_covered": 34.61538461538461, "percent_statements_covered_display": "35"}, "missing_lines": [23, 24, 44, 45, 47, 48, 59, 60, 61, 65, 66, 67, 78, 79, 82, 83, 99, 100, 101, 123, 124, 131, 132, 133, 134, 136, 139, 140, 141, 142, 143, 144, 145, 146], "excluded_lines": [], "functions": {"LoopService.__init__": {"executed_lines": [], "summary": {"covered_lines": 0, "num_statements": 2, "percent_covered": 0.0, "percent_covered_display": "0", "missing_lines": 2, "excluded_lines": 0, "percent_statements_covered": 0.0, "percent_statements_covered_display": "0"}, "missing_lines": [23, 24], "excluded_lines": [], "start_line": 22}, "LoopService.initialize": {"executed_lines": [], "summary": {"covered_lines": 0, "num_statements": 4, "percent_covered": 0.0, "percent_covered_display": "0", "missing_lines": 4, "excluded_lines": 0, "percent_statements_covered": 0.0, "percent_statements_covered_display": "0"}, "missing_lines": [44, 45, 47, 48], "excluded_lines": [], "start_line": 26}, "LoopService.get_engine": {"executed_lines": [], "summary": {"covered_lines": 0, "num_statements": 3, "percent_covered": 0.0, "percent_covered_display": "0", "missing_lines": 3, "excluded_lines": 0, "percent_statements_covered": 0.0, "percent_statements_covered_display": "0"}, "missing_lines": [59, 60, 61], "excluded_lines": [], "start_line": 57}, "LoopService.get_state_producer": {"executed_lines": [], "summary": {"covered_lines": 0, "num_statements": 3, "percent_covered": 0.0, "percent_covered_display": "0", "missing_lines": 3, "excluded_lines": 0, "percent_statements_covered": 0.0, "percent_statements_covered_display": "0"}, "missing_lines": [65, 66, 67], "excluded_lines": [], "start_line": 63}, "LoopService.connect_timeline": {"executed_lines": [], "summary": {"covered_lines": 0, "num_statements": 4, "percent_covered": 0.0, "percent_covered_display": "0", "missing_lines": 4, "excluded_lines": 0, "percent_statements_covered": 0.0, "percent_statements_covered_display": "0"}, "missing_lines": [78, 79, 82, 83], "excluded_lines": [], "start_line": 69}, "get_loop_service": {"executed_lines": [], "summary": {"covered_lines": 0, "num_statements": 3, "percent_covered": 0.0, "percent_covered_display": "0", "missing_lines": 3, "excluded_lines": 0, "percent_statements_covered": 0.0, "percent_statements_covered_display": "0"}, "missing_lines": [99, 100, 101], "excluded_lines": [], "start_line": 86}, "lifespan": {"executed_lines": [], "summary": {"covered_lines": 0, "num_statements": 15, "percent_covered": 0.0, "percent_covered_display": "0", "missing_lines": 15, "excluded_lines": 0, "percent_statements_covered": 0.0, "percent_statements_covered_display": "0"}, "missing_lines": [123, 124, 131, 132, 133, 134, 136, 139, 140, 141, 142, 143, 144, 145, 146], "excluded_lines": [], "start_line": 105}, "": {"executed_lines": [3, 4, 5, 6, 8, 9, 10, 12, 16, 19, 22, 26, 57, 63, 69, 86, 104, 105], "summary": {"covered_lines": 18, "num_statements": 18, "percent_covered": 100.0, "percent_covered_display": "100", "missing_lines": 0, "excluded_lines": 0, "percent_statements_covered": 100.0, "percent_statements_covered_display": "100"}, "missing_lines": [], "excluded_lines": [], "start_line": 1}}, "classes": {"LoopService": {"executed_lines": [], "summary": {"covered_lines": 0, "num_statements": 16, "percent_covered": 0.0, "percent_covered_display": "0", "missing_lines": 16, "excluded_lines": 0, "percent_statements_covered": 0.0, "percent_statements_covered_display": "0"}, "missing_lines": [23, 24, 44, 45, 47, 48, 59, 60, 61, 65, 66, 67, 78, 79, 82, 83], "excluded_lines": [], "start_line": 19}, "": {"executed_lin
[...]
_display": "0", "missing_lines": 3, "excluded_lines": 0, "percent_statements_covered": 0.0, "percent_statements_covered_display": "0"}, "missing_lines": [4, 7, 23], "excluded_lines": [], "start_line": 1}}}, "src/oiduna/interface/client/exceptions.py": {"executed_lines": [], "summary": {"covered_lines": 0, "num_statements": 8, "percent_covered": 0.0, "percent_covered_display": "0", "missing_lines": 8, "excluded_lines": 0, "percent_statements_covered": 0.0, "percent_statements_covered_display": "0"}, "missing_lines": [4, 6, 9, 11, 14, 16, 19, 21], "excluded_lines": [], "functions": {"": {"executed_lines": [], "summary": {"covered_lines": 0, "num_statements": 8, "percent_covered": 0.0, "percent_covered_display": "0", "missing_lines": 8, "excluded_lines": 0, "percent_statements_covered": 0.0, "percent_statements_covered_display": "0"}, "missing_lines": [4, 6, 9, 11, 14, 16, 19, 21], "excluded_lines": [], "start_line": 1}}, "classes": {"OidunaError": {"executed_lines": [], "summary": {"covered_lines": 0, "num_statements": 0, "percent_covered": 100.0, "percent_covered_display": "100", "missing_lines": 0, "excluded_lines": 0, "percent_statements_covered": 100.0, "percent_statements_covered_display": "100"}, "missing_lines": [], "excluded_lines": [], "start_line": 4}, "OidunaAPIError": {"executed_lines": [], "summary": {"covered_lines": 0, "num_statements": 0, "percent_covered": 100.0, "percent_covered_display": "100", "missing_lines": 0, "excluded_lines": 0, "percent_statements_covered": 100.0, "percent_statements_covered_display": "100"}, "missing_lines": [], "excluded_lines": [], "start_line": 9}, "ValidationError": {"executed_lines": [], "summary": {"covered_lines": 0, "num_statements": 0, "percent_covered": 100.0, "percent_covered_display": "100", "missing_lines": 0, "excluded_lines": 0, "percent_statements_covered": 100.0, "percent_statements_covered_display": "100"}, "missing_lines": [], "excluded_lines": [], "start_line": 14}, "TimeoutError": {"executed_lines": [], "summary": {"covered_lines": 0, "num_statements": 0, "percent_covered": 100.0, "percent_covered_display": "100", "missing_lines": 0, "excluded_lines": 0, "percent_statements_covered": 100.0, "percent_statements_covered_display": "100"}, "missing_lines": [], "excluded_lines": [], "start_line": 19}, "": {"executed_lines": [], "summary": {"covered_lines": 0, "num_statements": 8, "percent_covered": 0.0, "percent_covered_display": "0", "missing_lines": 8, "excluded_lines": 0, "percent_statements_covered": 0.0, "percent_statements_covered_display": "0"}, "missing_lines": [4, 6, 9, 11, 14, 16, 19, 21], "excluded_lines": [], "start_line": 1}}}, "src/oiduna/interface/client/health.py": {"executed_lines": [], "summary": {"covered_lines": 0, "num_statements": 30, "percent_covered": 0.0, "percent_covered_display": "0", "missing_lines": 30, "excluded_lines": 0, "percent_statements_covered": 0.0, "percent_statements_covered_display": "0"}, "missing_lines": [3, 4, 5, 6, 7, 10, 13, 19, 21, 35, 36, 37, 38, 40, 41, 42, 43, 45, 68, 70, 71, 72, 73, 74, 75, 76, 78, 79, 80, 82], "excluded_lines": [], "functions": {"HealthClient.__init__": {"executed_lines": [], "summary": {"covered_lines": 0, "num_statements": 1, "percent_covered": 0.0, "percent_covered_display": "0", "missing_lines": 1, "excluded_lines": 0, "percent_statements_covered": 0.0, "percent_statements_covered_display": "0"}, "missing_lines": [19], "excluded_lines": [], "start_line": 13}, "HealthClient.check": {"executed_lines": [], "summary": {"covered_lines": 0, "num_statements": 8, "percent_covered": 0.0, "percent_covered_display": "0", "missing_lines": 8, "excluded_lines": 0, "percent_statements_covered": 0.0, "percent_statements_covered_display": "0"}, "missing_lines": [35, 36, 37, 38, 40, 41, 42, 43], "excluded_lines": [], "start_line": 21}, "HealthClient.wait_ready": {"executed_lines": [], "summary": {"covered_lines": 0, "num_statements": 12, "percent_covered": 0.0, "percent_covered_display": "0", "missing_lines": 12, "excluded_lines": 0, "percent_statements_covered": 0.0, "percent_statements_covered_display": "0"}, "missing_lines": [68, 70, 71, 72, 73, 74, 75, 76, 78, 79, 80, 82], "excluded_lines": [], "start_line": 45}, "": {"executed_lines": [], "summary": {"covered_lines": 0, "num_statements": 9, "percent_covered": 0.0, "percent_covered_display": "0", "missing_lines": 9, "excluded_lines": 0, "percent_statements_covered": 0.0, "percent_statements_covered_display": "0"}, "missing_lines": [3, 4, 5, 6, 7, 10, 13, 21, 45], "excluded_lines": [], "start_line": 1}}, "classes": {"HealthClient": {"executed_lines": [], "summary": {"covered_lines": 0, "num_statements": 21, "percent_covered": 0.0, "percent_covered_display": "0", "missing_lines": 21, "excluded_lines": 0, "percent_statements_covered": 0.0, "percent_statements_covered_display": "0"}, "missing_lines": [19, 35, 36, 37, 38, 40, 41, 42, 43, 68, 70, 71, 72, 73, 74, 75, 76, 78, 79, 80, 82], "excluded_lines": [], "start_line": 10}, "": {"executed_lines": [], "summary": {"covered_lines": 0, "num_statements": 9, "percent_covered": 0.0, "percent_covered_display": "0", "missing_lines": 9, "excluded_lines": 0, "percent_statements_covered": 0.0, "percent_statements_covered_display": "0"}, "missing_lines": [3, 4, 5, 6, 7, 10, 13, 21, 45], "excluded_lines": [], "start_line": 1}}}, "src/oiduna/interface/client/models.py": {"executed_lines": [], "summary": {"covered_lines": 0, "num_statements": 44, "percent_covered": 0.0, "percent_covered_display": "0", "missing_lines": 44, "excluded_lines": 0, "percent_statements_covered": 0.0, "percent_statements_covered_display": "0"}, "missing_lines": [3, 4, 5, 13, 15, 16, 19, 21, 22, 24, 25, 26, 28, 29, 30, 33, 35, 36, 44, 46, 47, 48, 51, 53, 54, 57, 59, 60, 61, 64, 66, 67, 68, 71, 73, 74, 75, 78, 80, 81, 84, 86, 87, 88], "excluded_lines": [], "functions": {"SynthDefLoadRequest.validate_name": {"executed_lines": [], "summary": {"covered_lines": 0, "num_statements": 3, "percent_covered": 0.0, "percent_covered_display": "0", "missing_lines": 3, "excluded_lines": 0, "percent_statements_covered": 0.0, "percent_statements_covered_display": "0"}, "missing_lines": [28, 29, 30], "excluded_lines": [], "start_line": 26}, "": {"executed_lines": [], "summary": {"covered_lines": 0, "num_statements": 41, "percent_covered": 0.0, "percent_covered_display": "0", "missing_lines": 41, "excluded_lines": 0, "percent_statements_covered": 0.0, "percent_statements_covered_display": "0"}, "missing_lines": [3, 4, 5, 13, 15, 16, 19, 21, 22, 24, 25, 26, 33, 35, 36, 44, 46, 47, 48, 51, 53, 54, 57, 59, 60, 61, 64, 66, 67, 68, 71, 73, 74, 75, 78, 80, 81, 84, 86, 87, 88], "excluded_lines": [], "start_line": 1}}, "classes": {"PatternSubmitRequest": {"executed_lines": [], "summary": {"covered_lines": 0, "num_statements": 0, "percent_covered": 100.0, "percent_covered_display": "100", "missing_lines": 0, "excluded_lines": 0, "percent_statements_covered": 100.0, "percent_statements_covered_display": "100"}, "missing_lines": [], "excluded_lines": [], "start_line": 13}, "SynthDefLoadRequest": {"executed_lines": [], "summary": {"covered_lines": 0, "num_statements": 3, "percent_covered": 0.0, "percent_covered_display": "0", "missing_lines": 3, "excluded_lines": 0, "percent_statements_covered": 0.0, "percent_statements_covered_display": "0"}, "missing_lines": [28, 29, 30], "excluded_lines": [], "start_line": 19}, "SampleLoadRequest": {"executed_lines": [], "summary": {"covered_lines": 0, "num_statements": 0, "percent_covered": 100.0, "percent_covered_display": "100", "missing_lines": 0, "excluded_lines": 0, "percent_statements_covered": 100.0, "percent_statements_covered_display": "100"}, "missing_lines": [], "excluded_lines": [], "start_line": 33}, "PatternSubmitResponse": {"executed_lines": [], "summary": {"covered_lines": 0, "num_statements": 0, "percent_covered": 100.0, "percent_covered_display": "100", "missing_lines": 0, "excluded_lines": 0, "percent_statements_covered": 100.0, "percent_statements_covered_display": "100"}, "missing_lines": [], "excluded_lines": [], "start_line": 44}, "PatternValidateResponse": {"executed_lines": [], "summary": {"covered_lines": 0, "num_statements": 0, "percent_covered": 100.0, "percent_covered_display": "100", "missing_lines": 0, "excluded_lines": 0, "percent_statements_covered": 100.0, "percent_statements_covered_display": "100"}, "missing_lines": [], "excluded_lines": [], "start_line": 51}, "ActivePatternsResponse": {"executed_lines": [], "summary": {"covered_lines": 0, "num_statements": 0, "percent_covered": 100.0, "percent_covered_display": "100", "missing_lines": 0, "excluded_lines": 0, "percent_statements_covered": 100.0, "percent_statements_covered_display": "100"}, "missing_lines": [], "excluded_lines": [], "start_line": 57}, "SynthDefLoadResponse": {"executed_lines": [], "summary": {"covered_lines": 0, "num_statements": 0, "percent_covered": 100.0, "percent_covered_display": "100", "missing_lines": 0, "excluded_lines": 0, "percent_statements_covered": 100.0, "percent_statements_covered_display": "100"}, "missing_lines": [], "excluded_lines": [], "start_line": 64}, "SampleLoadResponse": {"executed_lines": [], "summary": {"covered_lines": 0, "num_statements": 0, "percent_covered": 100.0, "percent_covered_display": "100", "missing_lines": 0, "excluded_lines": 0, "percent_statements_covered": 100.0, "percent_statements_covered_display": "100"}, "missing_lines": [], "excluded_lines": [], "start_line": 71}, "BufferListResponse": {"executed_lines": [], "summary": {"covered_lines": 0, "num_statements": 0, "percent_covered": 100.0, "percent_covered_display": "100", "missing_lines": 0, "excluded_lines": 0, "percent_statements_covered": 100.0, "percent_statements_covered_display": "100"}, "missing_lines": [], "excluded_lines": [], "start_line": 78}, "HealthResponse": {"executed_lines": [], "summary": {"covered_lines": 0, "num_statements": 0, "percent_covered": 100.0, "percent_covered_display": "100", "missing_lines": 0, "excluded_lines": 0, "percent_statements_covered": 100.0, "percent_statements_covered_display": "100"}, "missing_lines": [], "excluded_lines": [], "start_line": 84}, "": {"executed_lines": [], "summary": {"covered_lines": 0, "num_statements": 41, "percent_covered": 0.0, "percent_covered_display": "0", "missing_lines": 41, "excluded_lines": 0, "percent_statements_covered": 0.0, "percent_statements_covered_display": "0"}, "missing_lines": [3, 4, 5, 13, 15, 16, 19, 21, 22, 24, 25, 26, 33, 35, 36, 44, 46, 47, 48, 51, 53, 54, 57, 59, 60, 61, 64, 66, 67, 68, 71, 73, 74, 75, 78, 80, 81, 84, 86, 87, 88], "excluded_lines": [], "start_line": 1}}}, "src/oiduna/interface/client/patterns.py": {"executed_lines": [], "summary": {"covered_lines": 0, "num_statements": 51, "percent_covered": 0.0, "percent_covered_display": "0", "missing_lines": 51, "excluded_lines": 1, "percent_statements_covered": 0.0, "percent_statements_covered_display": "0"}, "missing_lines": [3, 4, 5, 11, 14, 17, 23, 25, 50, 51, 55, 59, 60, 62, 63, 64, 65, 66, 67, 68, 69, 70, 72, 93, 94, 95, 99, 100, 102, 103, 104, 105, 107, 123, 124, 125, 126, 128, 129, 130, 131, 133, 152, 153, 154, 155, 156, 158, 159, 160, 161], "excluded_lines": [134], "functions": {"PatternClient.__init__": {"executed_lines": [], "summary": {"covered_lines": 0, "num_statements": 1, "percent_covered": 0.0, "percent_covered_display": "0", "missing_lines": 1, "excluded_lines": 0, "percent_statements_covered": 0.0, "percent_statements_covered_display": "0"}, "missing_lines": [23], "excluded_lines": [], "start_line": 17}, "PatternClient.submit": {"executed_lines": [], "summary": {"covered_lines": 0, "num_statements": 14, "percent_covered": 0.0, "percent_covered_display": "0", "missing_lines": 14, "excluded_lines": 0, "percent_statements_covered": 0.0, "percent_statements_covered_display": "0"}, "missing_lines": [50, 51, 55, 59, 60, 62, 63, 64, 65, 66, 67, 68, 69, 70], "excluded_lines": [], "start_line": 25}, "PatternClient.validate": {"executed_lines": [], "summary": {"covered_lines": 0, "num_statements": 9, "percent_covered": 0.0, "percent_covered_display": "0", "missing_lines": 9, "excluded_lines": 0, "percent_statements_covered": 0.0, "percent_statements_covered_display": "0"}, "missing_lines": [93, 94, 95, 99, 100, 102, 103, 104, 105], "excluded_lines": [], "start_line": 72}, "PatternClient.get_active": {"executed_lines": [], "summary": {"covered_lines": 0, "num_statements": 8, "percent_covered": 0.0, "percent_covered_display": "0", "missing_lines": 8, "excluded_lines": 0, "percent_statements_covered": 0.0, "percent_statements_covered_display": "0"}, "missing_lines": [123, 124, 125, 126, 128, 129, 130, 131], "excluded_lines": [], "start_line": 107}, "PatternClient.stop": {"executed_lines": [], "summary": {"covered_lines": 0, "num_statements": 9, "percent_covered": 0.0, "percent_covered_display": "0", "missing_lines": 9, "excluded_lines": 1, "percent_statements_covered": 0.0, "percent_statements_covered_display": "0"}, "missing_lines": [152, 153, 154, 155, 156, 158, 159, 160, 161], "excluded_lines": [134], "start_line": 133}, "": {"executed_lines": [], "summary": {"covered_lines": 0, "num_statements": 10, "percent_covered": 0.0, "percent_covered_display": "0", "missing_lines": 10, "excluded_lines": 0, "percent_statements_covered": 0.0, "percent_statements_covered_display": "0"}, "missing_lines": [3, 4, 5, 11, 14, 17, 25, 72, 107, 133], "excluded_lines": [], "start_line": 1}}, "classes": {"PatternClient": {"executed_lines": [], "summary": {"covered_lines": 0, "num_statements": 41, "percent_covered": 0.0, "percent_covered_display": "0", "missing_lines": 41, "excluded_lines": 1, "percent_statements_covered": 0.0, "percent_statements_covered_display": "0"}, "missing_lines": [23, 50, 51, 55, 59, 60, 62, 63, 64, 65, 66, 67, 68, 69, 70, 93, 94, 95, 99, 100, 102, 103, 104, 105, 123, 124, 125, 126, 128, 129, 130, 131, 152, 153, 154, 155, 156, 158, 159, 160, 161], "excluded_lines": [134], "start_line": 14}, "": {"executed_lines": [], "summary": {"covered_lines": 0, "num_statements": 10, "percent_covered": 0.0, "percent_covered_display": "0", "missing_lines": 10, "excluded_lines": 0, "percent_statements_covered": 0.0, "percent_statements_covered_display": "0"}, "missing_lines": [3, 4, 5, 11, 14, 17, 25, 72, 107, 133], "excluded_lines": [], "start_line": 1}}}, "src/oiduna/interface/client/samples.py": {"executed_lines": [], "summary": {"covered_lines": 0, "num_statements": 30, "percent_covered": 0.0, "percent_covered_display": "0", "missing_lines": 30, "excluded_lines": 0, "percent_statements_covered": 0.0, "percent_statements_covered_display": "0"}, "missing_lines": [3, 4, 5, 6, 9, 12, 18, 20, 49, 50, 51, 56, 57, 59, 60, 61, 62, 63, 64, 65, 66, 68, 84, 85, 86, 87, 89, 90, 91, 92], "excluded_lines": [], "functions": {"SampleClient.__init__": {"executed_lines": [], "summary": {"covered_lines": 0, "num_statements": 1, "percent_covered": 0.0, "percent_covered_display": "0", "missing_lines": 1, "excluded_lines": 0, "percent_statements_covered": 0.0, "percent_statements_covered_display": "0"}, "missing_lines": [18], "excluded_lines": [], "start_line": 12}, "SampleClient.load": {"executed_lines": [], "summary": {"covered_lines": 0, "num_statements": 13, "percent_covered": 0.0, "percent_covered_display": "0", "missing_lines": 13, "excluded_lines": 0, "percent_statements_covered": 0.0, "percent_statements_covered_display": "0"}, "missing_lines": [49, 50, 51, 56, 57, 59, 60, 61, 62, 63, 64, 65, 66], "excluded_lines": [], "start_line": 20}, "SampleClient.list_buffers": {"executed_lines": [], "summary": {"covered_lines": 0, "num_statements": 8, "percent_covered": 0.0, "percent_covered_display": "0", "missing_lines": 8, "excluded_lines": 0, "percent_statements_covered": 0.0, "percent_statements_covered_display": "0"}, "missing_lines": [84, 85, 86, 87, 89, 90, 91, 92], "excluded_lines": [], "start_line": 68}, "": {"executed_lines": [], "summary": {"covered_lines": 0, "num_statements": 8, "percent_covered": 0.0, "percent_covered_display": "0", "missing_lines": 8, "excluded_lines": 0, "percent_statements_covered": 0.0, "percent_statements_covered_display": "0"}, "missing_lines": [3, 4, 5, 6, 9, 12, 20, 68], "excluded_lines": [], "start_line": 1}}, "classes": {"SampleClient": {"executed_lines": [], "summary": {"covered_lines": 0, "num_statements": 22, "percent_covered": 0.0, "percent_covered_display": "0", "missing_lines": 22, "excluded_lines": 0, "percent_statements_covered": 0.0, "percent_statements_covered_display": "0"}, "missing_lines": [18, 49, 50, 51, 56, 57, 59, 60, 61, 62, 63, 64, 65, 66, 84, 85, 86, 87, 89, 90, 91, 92], "excluded_lines": [], "start_line": 9}, "": {"executed_lines": [], "summary": {"covered_lines": 0, "num_statements": 8, "percent_covered": 0.0, "percent_covered_display": "0", "missing_lines": 8, "excluded_lines": 0, "percent_statements_covered": 0.0, "percent_statements_covered_display": "0"}, "missing_lines": [3, 4, 5, 6, 9, 12, 20, 68], "excluded_lines": [], "start_line": 1}}}, "src/oiduna/interface/client/synthdef.py": {"executed_lines": [], "summary": {"covered_lines": 0, "num_statements": 30, "percent_covered": 0.0, "percent_covered_display": "0", "missing_lines": 30, "excluded_lines": 0, "percent_statements_covered": 0.0, "percent_statements_covered_display": "0"}, "missing_lines": [3, 4, 5, 6, 7, 10, 13, 19, 21, 48, 49, 50, 55, 56, 58, 59, 60, 61, 62, 63, 64, 65, 67, 94, 95, 96, 98, 101, 102, 104], "excluded_lines": [], "functions": {"SynthDefClient.__init__": {"executed_lines": [], "summary": {"covered_lines": 0, "num_statements": 1, "percent_covered": 0.0, "percent_covered_display": "0", "missing_lines": 1, "excluded_lines": 0, "percent_statements_covered": 0.0, "percent_statements_covered_display": "0"}, "missing_lines": [19], "excluded_lines": [], "start_line": 13}, "SynthDefClient.load": {"executed_lines": [], "summary": {"covered_lines": 0, "num_statements": 13, "percent_covered": 0.0, "percent_covered_display": "0", "missing_lines": 13, "excluded_lines": 0, "percent_statements_covered": 0.0, "percent_statements_covered_display": "0"}, "missing_lines": [48, 49, 50, 55, 56, 58, 59, 60, 61, 62, 63, 64, 65], "excluded_lines": [], "start_line": 21}, "SynthDefClient.load_from_file": {"executed_lines": [], "summary": {"covered_lines": 0, "num_statements": 7, "percent_covered": 0.0, "percent_covered_display": "0", "missing_lines": 7, "excluded_lines": 0, "percent_statements_covered": 0.0, "percent_statements_covered_display": "0"}, "missing_lines": [94, 95, 96, 98, 101, 102, 104], "excluded_lines": [], "start_line": 67}, "": {"executed_lines": [], "summary": {"covered_lines": 0, "num_statements": 9, "percent_covered": 0.0, "percent_covered_display": "0", "missing_lines": 9, "excluded_lines": 0, "percent_statements_covered": 0.0, "percent_statements_covered_display": "0"}, "missing_lines": [3, 4, 5, 6, 7, 10, 13, 21, 67], "excluded_lines": [], "start_line": 1}}, "classes": {"SynthDefClient": {"executed_lines": [], "summary": {"covered_lines": 0, "num_statements": 21, "percent_covered": 0.0, "percent_covered_display": "0", "missing_lines": 21, "excluded_lines": 0, "percent_statements_covered": 0.0, "percent_statements_covered_display": "0"}, "missing_lines": [19, 48, 49, 50, 55, 56, 58, 59, 60, 61, 62, 63, 64, 65, 94, 95, 96, 98, 101, 102, 104], "excluded_lines": [], "start_line": 10}, "": {"executed_lines": [], "summary": {"covered_lines": 0, "num_statements": 9, "percent_covered": 0.0, "percent_covered_display": "0", "missing_lines": 9, "excluded_lines": 0, "percent_statements_covered": 0.0, "percent_statements_covered_display": "0"}, "missing_lines": [3, 4, 5, 6, 7, 10, 13, 21, 67], "excluded_lines": [], "start_line": 1}}}}, "totals": {"covered_lines": 2440, "num_statements": 4258, "percent_covered": 57.303898543917335, "percent_covered_display": "57", "missing_lines": 1818, "excluded_lines": 168, "percent_statements_covered": 57.303898543917335, "percent_statements_covered_display": "57"}}